#
# There is insufficient memory for the Java Runtime Environment to continue.
# Native memory allocation (malloc) failed to allocate 265952 bytes for Chunk::new
# Possible reasons:
#   The system is out of physical RAM or swap space
#   The process is running with CompressedOops enabled, and the Java Heap may be blocking the growth of the native heap
# Possible solutions:
#   Reduce memory load on the system
#   Increase physical memory or swap space
#   Check if swap backing store is full
#   Decrease Java heap size (-Xmx/-Xms)
#   Decrease number of Java threads
#   Decrease Java thread stack sizes (-Xss)
#   Set larger code cache with -XX:ReservedCodeCacheSize=
#   JVM is running with Unscaled Compressed Oops mode in which the Java heap is
#     placed in the first 4GB address space. The Java Heap base address is the
#     maximum limit for the native heap growth. Please use -XX:HeapBaseMinAddress
#     to set the Java Heap base and to place the Java Heap above 4GB virtual address.
# This output file may be truncated or incomplete.
#
#  Out of Memory Error (arena.cpp:168), pid=18552, tid=8880
#
# JRE version: Java(TM) SE Runtime Environment (21.0.3+7) (build 21.0.3+7-LTS-152)
# Java VM: Java HotSpot(TM) 64-Bit Server VM (21.0.3+7-LTS-152, mixed mode, sharing, tiered, compressed oops, compressed class ptrs, g1 gc, windows-amd64)
# No core dump will be written. Minidumps are not enabled by default on client versions of Windows
#

---------------  S U M M A R Y ------------

Command Line: -ea -Dfile.encoding=UTF-8 -Dstdout.encoding=UTF-8 -Dstderr.encoding=UTF-8 -XX:+ShowCodeDetailsInExceptionMessages org.testng.remote.RemoteTestNG -serport 53522 -protocol json -d C:\java workspace\MavenProject\test-output C:\Users\VAISHN~1\AppData\Local\Temp\testng-eclipse-1702140358\testng-customsuite.xml

Host: 11th Gen Intel(R) Core(TM) i3-1115G4 @ 3.00GHz, 4 cores, 7G,  Windows 10 , 64 bit Build 19041 (10.0.19041.2546)
Time: Wed Oct 30 18:15:42 2024 India Standard Time elapsed time: 6.092407 seconds (0d 0h 0m 6s)

---------------  T H R E A D  ---------------

Current thread (0x000001cac5bdb140):  JavaThread "C2 CompilerThread1" daemon [_thread_in_native, id=8880, stack(0x00000013bbb00000,0x00000013bbc00000) (1024K)]


Current CompileTask:
C2:   6092 2410       4       java.util.regex.Pattern$CharProperty::match (71 bytes)

Stack: [0x00000013bbb00000,0x00000013bbc00000]
Native frames: (J=compiled Java code, j=interpreted, Vv=VM code, C=native code)
V  [jvm.dll+0x6c63b9]
V  [jvm.dll+0x84fa11]
V  [jvm.dll+0x851f3e]
V  [jvm.dll+0x852613]
V  [jvm.dll+0x27cd46]
V  [jvm.dll+0xc4aad]
V  [jvm.dll+0xc4fe3]
V  [jvm.dll+0x3b1d5c]
V  [jvm.dll+0x1df0e3]
V  [jvm.dll+0x245c92]
V  [jvm.dll+0x24511f]
V  [jvm.dll+0x1c689e]
V  [jvm.dll+0x254609]
V  [jvm.dll+0x252b9a]
V  [jvm.dll+0x3eb056]
V  [jvm.dll+0x7f9ffb]
V  [jvm.dll+0x6c4a9d]
C  [ucrtbase.dll+0x21bb2]
C  [KERNEL32.DLL+0x17614]
C  [ntdll.dll+0x526a1]


---------------  P R O C E S S  ---------------

Threads class SMR info:
_java_thread_list=0x000001cac5bd5550, length=19, elements={
0x000001cae37287e0, 0x000001caff719cd0, 0x000001caff71c350, 0x000001caff71eaf0,
0x000001caff71f550, 0x000001caff71ffb0, 0x000001caff720a10, 0x000001caff7237b0,
0x000001caff891660, 0x000001caffa6b8f0, 0x000001caffa7d230, 0x000001cac57e97e0,
0x000001cac622bf50, 0x000001cac622c5c0, 0x000001cac61b2ea0, 0x000001cac67651e0,
0x000001cac6766590, 0x000001cac6767fd0, 0x000001cac5bdb140
}

Java Threads: ( => current thread )
  0x000001cae37287e0 JavaThread "main"                              [_thread_in_vm, id=2984, stack(0x00000013ba100000,0x00000013ba200000) (1024K)]
  0x000001caff719cd0 JavaThread "Reference Handler"          daemon [_thread_blocked, id=21792, stack(0x00000013ba900000,0x00000013baa00000) (1024K)]
  0x000001caff71c350 JavaThread "Finalizer"                  daemon [_thread_blocked, id=27140, stack(0x00000013baa00000,0x00000013bab00000) (1024K)]
  0x000001caff71eaf0 JavaThread "Signal Dispatcher"          daemon [_thread_blocked, id=29216, stack(0x00000013bab00000,0x00000013bac00000) (1024K)]
  0x000001caff71f550 JavaThread "Attach Listener"            daemon [_thread_blocked, id=16832, stack(0x00000013bac00000,0x00000013bad00000) (1024K)]
  0x000001caff71ffb0 JavaThread "Service Thread"             daemon [_thread_blocked, id=16788, stack(0x00000013bad00000,0x00000013bae00000) (1024K)]
  0x000001caff720a10 JavaThread "Monitor Deflation Thread"   daemon [_thread_blocked, id=18020, stack(0x00000013bae00000,0x00000013baf00000) (1024K)]
  0x000001caff7237b0 JavaThread "C2 CompilerThread0"         daemon [_thread_blocked, id=1332, stack(0x00000013baf00000,0x00000013bb000000) (1024K)]
  0x000001caff891660 JavaThread "C1 CompilerThread0"         daemon [_thread_blocked, id=23976, stack(0x00000013bb000000,0x00000013bb100000) (1024K)]
  0x000001caffa6b8f0 JavaThread "Notification Thread"        daemon [_thread_blocked, id=28552, stack(0x00000013bb100000,0x00000013bb200000) (1024K)]
  0x000001caffa7d230 JavaThread "Common-Cleaner"             daemon [_thread_blocked, id=29384, stack(0x00000013bb200000,0x00000013bb300000) (1024K)]
  0x000001cac57e97e0 JavaThread "ReaderThread"                      [_thread_in_native, id=6856, stack(0x00000013bb800000,0x00000013bb900000) (1024K)]
  0x000001cac622bf50 JavaThread "ForkJoinPool.commonPool-worker-1" daemon [_thread_blocked, id=13136, stack(0x00000013bb300000,0x00000013bb400000) (1024K)]
  0x000001cac622c5c0 JavaThread "ForkJoinPool.commonPool-worker-2" daemon [_thread_blocked, id=29996, stack(0x00000013bb900000,0x00000013bba00000) (1024K)]
  0x000001cac61b2ea0 JavaThread "HttpClient-1-SelectorManager" daemon [_thread_in_native, id=15920, stack(0x00000013bba00000,0x00000013bbb00000) (1024K)]
  0x000001cac67651e0 JavaThread "JdkHttpClient-0-0"          daemon [_thread_blocked, id=30080, stack(0x00000013bbe00000,0x00000013bbf00000) (1024K)]
  0x000001cac6766590 JavaThread "JdkHttpClient-0-1"          daemon [_thread_blocked, id=27696, stack(0x00000013bbf00000,0x00000013bc000000) (1024K)]
  0x000001cac6767fd0 JavaThread "JdkHttpClient-0-2"          daemon [_thread_blocked, id=26824, stack(0x00000013bc000000,0x00000013bc100000) (1024K)]
=>0x000001cac5bdb140 JavaThread "C2 CompilerThread1"         daemon [_thread_in_native, id=8880, stack(0x00000013bbb00000,0x00000013bbc00000) (1024K)]
Total: 19

Other Threads:
  0x000001caff6f5fd0 VMThread "VM Thread"                           [id=9548, stack(0x00000013ba800000,0x00000013ba900000) (1024K)]
  0x000001caff6e06d0 WatcherThread "VM Periodic Task Thread"        [id=18052, stack(0x00000013ba700000,0x00000013ba800000) (1024K)]
  0x000001cae377e4c0 WorkerThread "GC Thread#0"                     [id=28692, stack(0x00000013ba200000,0x00000013ba300000) (1024K)]
  0x000001cac544ad10 WorkerThread "GC Thread#1"                     [id=13160, stack(0x00000013bb400000,0x00000013bb500000) (1024K)]
  0x000001cac558cd80 WorkerThread "GC Thread#2"                     [id=25460, stack(0x00000013bb500000,0x00000013bb600000) (1024K)]
  0x000001cac5496a00 WorkerThread "GC Thread#3"                     [id=29564, stack(0x00000013bb600000,0x00000013bb700000) (1024K)]
  0x000001cae378eb70 ConcurrentGCThread "G1 Main Marker"            [id=26836, stack(0x00000013ba300000,0x00000013ba400000) (1024K)]
  0x000001cae378fd90 WorkerThread "G1 Conc#0"                       [id=29908, stack(0x00000013ba400000,0x00000013ba500000) (1024K)]
  0x000001cae37de9e0 ConcurrentGCThread "G1 Refine#0"               [id=17952, stack(0x00000013ba500000,0x00000013ba600000) (1024K)]
  0x000001caff5b2620 ConcurrentGCThread "G1 Service"                [id=25376, stack(0x00000013ba600000,0x00000013ba700000) (1024K)]
Total: 10

Threads with active compile tasks:
C2 CompilerThread1     6121 2410       4       java.util.regex.Pattern$CharProperty::match (71 bytes)
Total: 1

VM state: not at safepoint (normal execution)

VM Mutex/Monitor currently owned by a thread: None

Heap address: 0x0000000084200000, size: 1982 MB, Compressed Oops mode: 32-bit

CDS archive(s) mapped at: [0x000001ca80000000-0x000001ca80c90000-0x000001ca80c90000), size 13172736, SharedBaseAddress: 0x000001ca80000000, ArchiveRelocationMode: 1.
Compressed class space mapped at: 0x000001ca81000000-0x000001cac1000000, reserved size: 1073741824
Narrow klass base: 0x000001ca80000000, Narrow klass shift: 0, Narrow klass range: 0x100000000

GC Precious Log:
 CardTable entry size: 512
 Card Set container configuration: InlinePtr #cards 5 size 8 Array Of Cards #cards 12 size 40 Howl #buckets 4 coarsen threshold 1843 Howl Bitmap #cards 512 size 80 coarsen threshold 460 Card regions per heap region 1 cards per card region 2048
 CPUs: 4 total, 4 available
 Memory: 7926M
 Large Page Support: Disabled
 NUMA Support: Disabled
 Compressed Oops: Enabled (32-bit)
 Heap Region Size: 1M
 Heap Min Capacity: 8M
 Heap Initial Capacity: 124M
 Heap Max Capacity: 1982M
 Pre-touch: Disabled
 Parallel Workers: 4
 Concurrent Workers: 1
 Concurrent Refinement Workers: 4
 Periodic GC: Disabled

Heap:
 garbage-first heap   total 126976K, used 28789K [0x0000000084200000, 0x0000000100000000)
  region size 1024K, 18 young (18432K), 3 survivors (3072K)
 Metaspace       used 16476K, committed 16896K, reserved 1114112K
  class space    used 1977K, committed 2176K, reserved 1048576K

Heap Regions: E=young(eden), S=young(survivor), O=old, HS=humongous(starts), HC=humongous(continues), CS=collection set, F=free, TAMS=top-at-mark-start, PB=parsable bottom
|   0|0x0000000084200000, 0x0000000084300000, 0x0000000084300000|100%|HS|  |TAMS 0x0000000084200000| PB 0x0000000084200000| Complete 
|   1|0x0000000084300000, 0x0000000084400000, 0x0000000084400000|100%| O|  |TAMS 0x0000000084300000| PB 0x0000000084300000| Untracked 
|   2|0x0000000084400000, 0x0000000084500000, 0x0000000084500000|100%| O|  |TAMS 0x0000000084400000| PB 0x0000000084400000| Untracked 
|   3|0x0000000084500000, 0x0000000084600000, 0x0000000084600000|100%| O|  |TAMS 0x0000000084500000| PB 0x0000000084500000| Untracked 
|   4|0x0000000084600000, 0x0000000084700000, 0x0000000084700000|100%| O|  |TAMS 0x0000000084600000| PB 0x0000000084600000| Untracked 
|   5|0x0000000084700000, 0x0000000084800000, 0x0000000084800000|100%| O|  |TAMS 0x0000000084700000| PB 0x0000000084700000| Untracked 
|   6|0x0000000084800000, 0x0000000084900000, 0x0000000084900000|100%| O|  |TAMS 0x0000000084800000| PB 0x0000000084800000| Untracked 
|   7|0x0000000084900000, 0x0000000084a00000, 0x0000000084a00000|100%| O|  |TAMS 0x0000000084900000| PB 0x0000000084900000| Untracked 
|   8|0x0000000084a00000, 0x0000000084b00000, 0x0000000084b00000|100%| O|  |TAMS 0x0000000084a00000| PB 0x0000000084a00000| Untracked 
|   9|0x0000000084b00000, 0x0000000084c00000, 0x0000000084c00000|100%| O|  |TAMS 0x0000000084b00000| PB 0x0000000084b00000| Untracked 
|  10|0x0000000084c00000, 0x0000000084d00000, 0x0000000084d00000|100%| O|  |TAMS 0x0000000084c00000| PB 0x0000000084c00000| Untracked 
|  11|0x0000000084d00000, 0x0000000084d1d660, 0x0000000084e00000| 11%| O|  |TAMS 0x0000000084d00000| PB 0x0000000084d00000| Untracked 
|  12|0x0000000084e00000, 0x0000000084e00000, 0x0000000084f00000|  0%| F|  |TAMS 0x0000000084e00000| PB 0x0000000084e00000| Untracked 
|  13|0x0000000084f00000, 0x0000000084f00000, 0x0000000085000000|  0%| F|  |TAMS 0x0000000084f00000| PB 0x0000000084f00000| Untracked 
|  14|0x0000000085000000, 0x0000000085000000, 0x0000000085100000|  0%| F|  |TAMS 0x0000000085000000| PB 0x0000000085000000| Untracked 
|  15|0x0000000085100000, 0x0000000085100000, 0x0000000085200000|  0%| F|  |TAMS 0x0000000085100000| PB 0x0000000085100000| Untracked 
|  16|0x0000000085200000, 0x0000000085200000, 0x0000000085300000|  0%| F|  |TAMS 0x0000000085200000| PB 0x0000000085200000| Untracked 
|  17|0x0000000085300000, 0x0000000085300000, 0x0000000085400000|  0%| F|  |TAMS 0x0000000085300000| PB 0x0000000085300000| Untracked 
|  18|0x0000000085400000, 0x0000000085400000, 0x0000000085500000|  0%| F|  |TAMS 0x0000000085400000| PB 0x0000000085400000| Untracked 
|  19|0x0000000085500000, 0x0000000085500000, 0x0000000085600000|  0%| F|  |TAMS 0x0000000085500000| PB 0x0000000085500000| Untracked 
|  20|0x0000000085600000, 0x0000000085600000, 0x0000000085700000|  0%| F|  |TAMS 0x0000000085600000| PB 0x0000000085600000| Untracked 
|  21|0x0000000085700000, 0x0000000085700000, 0x0000000085800000|  0%| F|  |TAMS 0x0000000085700000| PB 0x0000000085700000| Untracked 
|  22|0x0000000085800000, 0x0000000085800000, 0x0000000085900000|  0%| F|  |TAMS 0x0000000085800000| PB 0x0000000085800000| Untracked 
|  23|0x0000000085900000, 0x0000000085900000, 0x0000000085a00000|  0%| F|  |TAMS 0x0000000085900000| PB 0x0000000085900000| Untracked 
|  24|0x0000000085a00000, 0x0000000085a00000, 0x0000000085b00000|  0%| F|  |TAMS 0x0000000085a00000| PB 0x0000000085a00000| Untracked 
|  25|0x0000000085b00000, 0x0000000085b00000, 0x0000000085c00000|  0%| F|  |TAMS 0x0000000085b00000| PB 0x0000000085b00000| Untracked 
|  26|0x0000000085c00000, 0x0000000085c00000, 0x0000000085d00000|  0%| F|  |TAMS 0x0000000085c00000| PB 0x0000000085c00000| Untracked 
|  27|0x0000000085d00000, 0x0000000085d00000, 0x0000000085e00000|  0%| F|  |TAMS 0x0000000085d00000| PB 0x0000000085d00000| Untracked 
|  28|0x0000000085e00000, 0x0000000085e00000, 0x0000000085f00000|  0%| F|  |TAMS 0x0000000085e00000| PB 0x0000000085e00000| Untracked 
|  29|0x0000000085f00000, 0x0000000085f00000, 0x0000000086000000|  0%| F|  |TAMS 0x0000000085f00000| PB 0x0000000085f00000| Untracked 
|  30|0x0000000086000000, 0x0000000086000000, 0x0000000086100000|  0%| F|  |TAMS 0x0000000086000000| PB 0x0000000086000000| Untracked 
|  31|0x0000000086100000, 0x0000000086100000, 0x0000000086200000|  0%| F|  |TAMS 0x0000000086100000| PB 0x0000000086100000| Untracked 
|  32|0x0000000086200000, 0x0000000086200000, 0x0000000086300000|  0%| F|  |TAMS 0x0000000086200000| PB 0x0000000086200000| Untracked 
|  33|0x0000000086300000, 0x0000000086300000, 0x0000000086400000|  0%| F|  |TAMS 0x0000000086300000| PB 0x0000000086300000| Untracked 
|  34|0x0000000086400000, 0x0000000086400000, 0x0000000086500000|  0%| F|  |TAMS 0x0000000086400000| PB 0x0000000086400000| Untracked 
|  35|0x0000000086500000, 0x0000000086500000, 0x0000000086600000|  0%| F|  |TAMS 0x0000000086500000| PB 0x0000000086500000| Untracked 
|  36|0x0000000086600000, 0x0000000086600000, 0x0000000086700000|  0%| F|  |TAMS 0x0000000086600000| PB 0x0000000086600000| Untracked 
|  37|0x0000000086700000, 0x0000000086700000, 0x0000000086800000|  0%| F|  |TAMS 0x0000000086700000| PB 0x0000000086700000| Untracked 
|  38|0x0000000086800000, 0x0000000086800000, 0x0000000086900000|  0%| F|  |TAMS 0x0000000086800000| PB 0x0000000086800000| Untracked 
|  39|0x0000000086900000, 0x0000000086900000, 0x0000000086a00000|  0%| F|  |TAMS 0x0000000086900000| PB 0x0000000086900000| Untracked 
|  40|0x0000000086a00000, 0x0000000086a00000, 0x0000000086b00000|  0%| F|  |TAMS 0x0000000086a00000| PB 0x0000000086a00000| Untracked 
|  41|0x0000000086b00000, 0x0000000086b00000, 0x0000000086c00000|  0%| F|  |TAMS 0x0000000086b00000| PB 0x0000000086b00000| Untracked 
|  42|0x0000000086c00000, 0x0000000086c00000, 0x0000000086d00000|  0%| F|  |TAMS 0x0000000086c00000| PB 0x0000000086c00000| Untracked 
|  43|0x0000000086d00000, 0x0000000086d00000, 0x0000000086e00000|  0%| F|  |TAMS 0x0000000086d00000| PB 0x0000000086d00000| Untracked 
|  44|0x0000000086e00000, 0x0000000086e00000, 0x0000000086f00000|  0%| F|  |TAMS 0x0000000086e00000| PB 0x0000000086e00000| Untracked 
|  45|0x0000000086f00000, 0x0000000086f00000, 0x0000000087000000|  0%| F|  |TAMS 0x0000000086f00000| PB 0x0000000086f00000| Untracked 
|  46|0x0000000087000000, 0x0000000087000000, 0x0000000087100000|  0%| F|  |TAMS 0x0000000087000000| PB 0x0000000087000000| Untracked 
|  47|0x0000000087100000, 0x0000000087100000, 0x0000000087200000|  0%| F|  |TAMS 0x0000000087100000| PB 0x0000000087100000| Untracked 
|  48|0x0000000087200000, 0x0000000087200000, 0x0000000087300000|  0%| F|  |TAMS 0x0000000087200000| PB 0x0000000087200000| Untracked 
|  49|0x0000000087300000, 0x0000000087300000, 0x0000000087400000|  0%| F|  |TAMS 0x0000000087300000| PB 0x0000000087300000| Untracked 
|  50|0x0000000087400000, 0x0000000087400000, 0x0000000087500000|  0%| F|  |TAMS 0x0000000087400000| PB 0x0000000087400000| Untracked 
|  51|0x0000000087500000, 0x0000000087500000, 0x0000000087600000|  0%| F|  |TAMS 0x0000000087500000| PB 0x0000000087500000| Untracked 
|  52|0x0000000087600000, 0x0000000087600000, 0x0000000087700000|  0%| F|  |TAMS 0x0000000087600000| PB 0x0000000087600000| Untracked 
|  53|0x0000000087700000, 0x0000000087700000, 0x0000000087800000|  0%| F|  |TAMS 0x0000000087700000| PB 0x0000000087700000| Untracked 
|  54|0x0000000087800000, 0x0000000087800000, 0x0000000087900000|  0%| F|  |TAMS 0x0000000087800000| PB 0x0000000087800000| Untracked 
|  55|0x0000000087900000, 0x0000000087900000, 0x0000000087a00000|  0%| F|  |TAMS 0x0000000087900000| PB 0x0000000087900000| Untracked 
|  56|0x0000000087a00000, 0x0000000087a00000, 0x0000000087b00000|  0%| F|  |TAMS 0x0000000087a00000| PB 0x0000000087a00000| Untracked 
|  57|0x0000000087b00000, 0x0000000087b00000, 0x0000000087c00000|  0%| F|  |TAMS 0x0000000087b00000| PB 0x0000000087b00000| Untracked 
|  58|0x0000000087c00000, 0x0000000087c00000, 0x0000000087d00000|  0%| F|  |TAMS 0x0000000087c00000| PB 0x0000000087c00000| Untracked 
|  59|0x0000000087d00000, 0x0000000087d00000, 0x0000000087e00000|  0%| F|  |TAMS 0x0000000087d00000| PB 0x0000000087d00000| Untracked 
|  60|0x0000000087e00000, 0x0000000087e00000, 0x0000000087f00000|  0%| F|  |TAMS 0x0000000087e00000| PB 0x0000000087e00000| Untracked 
|  61|0x0000000087f00000, 0x0000000087f00000, 0x0000000088000000|  0%| F|  |TAMS 0x0000000087f00000| PB 0x0000000087f00000| Untracked 
|  62|0x0000000088000000, 0x0000000088000000, 0x0000000088100000|  0%| F|  |TAMS 0x0000000088000000| PB 0x0000000088000000| Untracked 
|  63|0x0000000088100000, 0x0000000088100000, 0x0000000088200000|  0%| F|  |TAMS 0x0000000088100000| PB 0x0000000088100000| Untracked 
|  64|0x0000000088200000, 0x0000000088200000, 0x0000000088300000|  0%| F|  |TAMS 0x0000000088200000| PB 0x0000000088200000| Untracked 
|  65|0x0000000088300000, 0x0000000088300000, 0x0000000088400000|  0%| F|  |TAMS 0x0000000088300000| PB 0x0000000088300000| Untracked 
|  66|0x0000000088400000, 0x0000000088400000, 0x0000000088500000|  0%| F|  |TAMS 0x0000000088400000| PB 0x0000000088400000| Untracked 
|  67|0x0000000088500000, 0x0000000088500000, 0x0000000088600000|  0%| F|  |TAMS 0x0000000088500000| PB 0x0000000088500000| Untracked 
|  68|0x0000000088600000, 0x0000000088600000, 0x0000000088700000|  0%| F|  |TAMS 0x0000000088600000| PB 0x0000000088600000| Untracked 
|  69|0x0000000088700000, 0x0000000088700000, 0x0000000088800000|  0%| F|  |TAMS 0x0000000088700000| PB 0x0000000088700000| Untracked 
|  70|0x0000000088800000, 0x0000000088800000, 0x0000000088900000|  0%| F|  |TAMS 0x0000000088800000| PB 0x0000000088800000| Untracked 
|  71|0x0000000088900000, 0x0000000088900000, 0x0000000088a00000|  0%| F|  |TAMS 0x0000000088900000| PB 0x0000000088900000| Untracked 
|  72|0x0000000088a00000, 0x0000000088a00000, 0x0000000088b00000|  0%| F|  |TAMS 0x0000000088a00000| PB 0x0000000088a00000| Untracked 
|  73|0x0000000088b00000, 0x0000000088b00000, 0x0000000088c00000|  0%| F|  |TAMS 0x0000000088b00000| PB 0x0000000088b00000| Untracked 
|  74|0x0000000088c00000, 0x0000000088c00000, 0x0000000088d00000|  0%| F|  |TAMS 0x0000000088c00000| PB 0x0000000088c00000| Untracked 
|  75|0x0000000088d00000, 0x0000000088d00000, 0x0000000088e00000|  0%| F|  |TAMS 0x0000000088d00000| PB 0x0000000088d00000| Untracked 
|  76|0x0000000088e00000, 0x0000000088e00000, 0x0000000088f00000|  0%| F|  |TAMS 0x0000000088e00000| PB 0x0000000088e00000| Untracked 
|  77|0x0000000088f00000, 0x0000000088f00000, 0x0000000089000000|  0%| F|  |TAMS 0x0000000088f00000| PB 0x0000000088f00000| Untracked 
|  78|0x0000000089000000, 0x0000000089000000, 0x0000000089100000|  0%| F|  |TAMS 0x0000000089000000| PB 0x0000000089000000| Untracked 
|  79|0x0000000089100000, 0x0000000089100000, 0x0000000089200000|  0%| F|  |TAMS 0x0000000089100000| PB 0x0000000089100000| Untracked 
|  80|0x0000000089200000, 0x0000000089200000, 0x0000000089300000|  0%| F|  |TAMS 0x0000000089200000| PB 0x0000000089200000| Untracked 
|  81|0x0000000089300000, 0x0000000089300000, 0x0000000089400000|  0%| F|  |TAMS 0x0000000089300000| PB 0x0000000089300000| Untracked 
|  82|0x0000000089400000, 0x0000000089400000, 0x0000000089500000|  0%| F|  |TAMS 0x0000000089400000| PB 0x0000000089400000| Untracked 
|  83|0x0000000089500000, 0x0000000089500000, 0x0000000089600000|  0%| F|  |TAMS 0x0000000089500000| PB 0x0000000089500000| Untracked 
|  84|0x0000000089600000, 0x0000000089600000, 0x0000000089700000|  0%| F|  |TAMS 0x0000000089600000| PB 0x0000000089600000| Untracked 
|  85|0x0000000089700000, 0x0000000089700000, 0x0000000089800000|  0%| F|  |TAMS 0x0000000089700000| PB 0x0000000089700000| Untracked 
|  86|0x0000000089800000, 0x0000000089800000, 0x0000000089900000|  0%| F|  |TAMS 0x0000000089800000| PB 0x0000000089800000| Untracked 
|  87|0x0000000089900000, 0x0000000089900000, 0x0000000089a00000|  0%| F|  |TAMS 0x0000000089900000| PB 0x0000000089900000| Untracked 
|  88|0x0000000089a00000, 0x0000000089a00000, 0x0000000089b00000|  0%| F|  |TAMS 0x0000000089a00000| PB 0x0000000089a00000| Untracked 
|  89|0x0000000089b00000, 0x0000000089b00000, 0x0000000089c00000|  0%| F|  |TAMS 0x0000000089b00000| PB 0x0000000089b00000| Untracked 
|  90|0x0000000089c00000, 0x0000000089c00000, 0x0000000089d00000|  0%| F|  |TAMS 0x0000000089c00000| PB 0x0000000089c00000| Untracked 
|  91|0x0000000089d00000, 0x0000000089d00000, 0x0000000089e00000|  0%| F|  |TAMS 0x0000000089d00000| PB 0x0000000089d00000| Untracked 
|  92|0x0000000089e00000, 0x0000000089e00000, 0x0000000089f00000|  0%| F|  |TAMS 0x0000000089e00000| PB 0x0000000089e00000| Untracked 
|  93|0x0000000089f00000, 0x0000000089f00000, 0x000000008a000000|  0%| F|  |TAMS 0x0000000089f00000| PB 0x0000000089f00000| Untracked 
|  94|0x000000008a000000, 0x000000008a000000, 0x000000008a100000|  0%| F|  |TAMS 0x000000008a000000| PB 0x000000008a000000| Untracked 
|  95|0x000000008a100000, 0x000000008a100000, 0x000000008a200000|  0%| F|  |TAMS 0x000000008a100000| PB 0x000000008a100000| Untracked 
|  96|0x000000008a200000, 0x000000008a200000, 0x000000008a300000|  0%| F|  |TAMS 0x000000008a200000| PB 0x000000008a200000| Untracked 
|  97|0x000000008a300000, 0x000000008a300000, 0x000000008a400000|  0%| F|  |TAMS 0x000000008a300000| PB 0x000000008a300000| Untracked 
|  98|0x000000008a400000, 0x000000008a400000, 0x000000008a500000|  0%| F|  |TAMS 0x000000008a400000| PB 0x000000008a400000| Untracked 
|  99|0x000000008a500000, 0x000000008a500000, 0x000000008a600000|  0%| F|  |TAMS 0x000000008a500000| PB 0x000000008a500000| Untracked 
| 100|0x000000008a600000, 0x000000008a600000, 0x000000008a700000|  0%| F|  |TAMS 0x000000008a600000| PB 0x000000008a600000| Untracked 
| 101|0x000000008a700000, 0x000000008a800000, 0x000000008a800000|100%| S|CS|TAMS 0x000000008a700000| PB 0x000000008a700000| Complete 
| 102|0x000000008a800000, 0x000000008a900000, 0x000000008a900000|100%| S|CS|TAMS 0x000000008a800000| PB 0x000000008a800000| Complete 
| 103|0x000000008a900000, 0x000000008aa00000, 0x000000008aa00000|100%| S|CS|TAMS 0x000000008a900000| PB 0x000000008a900000| Complete 
| 104|0x000000008aa00000, 0x000000008aa00000, 0x000000008ab00000|  0%| F|  |TAMS 0x000000008aa00000| PB 0x000000008aa00000| Untracked 
| 105|0x000000008ab00000, 0x000000008ab00000, 0x000000008ac00000|  0%| F|  |TAMS 0x000000008ab00000| PB 0x000000008ab00000| Untracked 
| 106|0x000000008ac00000, 0x000000008ac00000, 0x000000008ad00000|  0%| F|  |TAMS 0x000000008ac00000| PB 0x000000008ac00000| Untracked 
| 107|0x000000008ad00000, 0x000000008ad00000, 0x000000008ae00000|  0%| F|  |TAMS 0x000000008ad00000| PB 0x000000008ad00000| Untracked 
| 108|0x000000008ae00000, 0x000000008ae00000, 0x000000008af00000|  0%| F|  |TAMS 0x000000008ae00000| PB 0x000000008ae00000| Untracked 
| 109|0x000000008af00000, 0x000000008af55e08, 0x000000008b000000| 33%| E|  |TAMS 0x000000008af00000| PB 0x000000008af00000| Complete 
| 110|0x000000008b000000, 0x000000008b100000, 0x000000008b100000|100%| E|CS|TAMS 0x000000008b000000| PB 0x000000008b000000| Complete 
| 111|0x000000008b100000, 0x000000008b200000, 0x000000008b200000|100%| E|CS|TAMS 0x000000008b100000| PB 0x000000008b100000| Complete 
| 112|0x000000008b200000, 0x000000008b300000, 0x000000008b300000|100%| E|CS|TAMS 0x000000008b200000| PB 0x000000008b200000| Complete 
| 113|0x000000008b300000, 0x000000008b400000, 0x000000008b400000|100%| E|CS|TAMS 0x000000008b300000| PB 0x000000008b300000| Complete 
| 114|0x000000008b400000, 0x000000008b500000, 0x000000008b500000|100%| E|CS|TAMS 0x000000008b400000| PB 0x000000008b400000| Complete 
| 115|0x000000008b500000, 0x000000008b600000, 0x000000008b600000|100%| E|CS|TAMS 0x000000008b500000| PB 0x000000008b500000| Complete 
| 116|0x000000008b600000, 0x000000008b700000, 0x000000008b700000|100%| E|CS|TAMS 0x000000008b600000| PB 0x000000008b600000| Complete 
| 117|0x000000008b700000, 0x000000008b800000, 0x000000008b800000|100%| E|CS|TAMS 0x000000008b700000| PB 0x000000008b700000| Complete 
| 118|0x000000008b800000, 0x000000008b900000, 0x000000008b900000|100%| E|CS|TAMS 0x000000008b800000| PB 0x000000008b800000| Complete 
| 119|0x000000008b900000, 0x000000008ba00000, 0x000000008ba00000|100%| E|CS|TAMS 0x000000008b900000| PB 0x000000008b900000| Complete 
| 120|0x000000008ba00000, 0x000000008bb00000, 0x000000008bb00000|100%| E|CS|TAMS 0x000000008ba00000| PB 0x000000008ba00000| Complete 
| 121|0x000000008bb00000, 0x000000008bc00000, 0x000000008bc00000|100%| E|CS|TAMS 0x000000008bb00000| PB 0x000000008bb00000| Complete 
| 122|0x000000008bc00000, 0x000000008bd00000, 0x000000008bd00000|100%| E|CS|TAMS 0x000000008bc00000| PB 0x000000008bc00000| Complete 
| 123|0x000000008bd00000, 0x000000008be00000, 0x000000008be00000|100%| E|CS|TAMS 0x000000008bd00000| PB 0x000000008bd00000| Complete 

Card table byte_map: [0x000001cafaf70000,0x000001cafb350000] _byte_map_base: 0x000001cafab4f000

Marking Bits: (CMBitMap*) 0x000001cae377ead0
 Bits: [0x000001cafb350000, 0x000001cafd248000)

Polling page: 0x000001cae2ee0000

Metaspace:

Usage:
  Non-class:     14.17 MB used.
      Class:      1.93 MB used.
       Both:     16.10 MB used.

Virtual space:
  Non-class space:       64.00 MB reserved,      14.38 MB ( 22%) committed,  1 nodes.
      Class space:        1.00 GB reserved,       2.12 MB ( <1%) committed,  1 nodes.
             Both:        1.06 GB reserved,      16.50 MB (  2%) committed. 

Chunk freelists:
   Non-Class:  1.32 MB
       Class:  13.84 MB
        Both:  15.17 MB

MaxMetaspaceSize: unlimited
CompressedClassSpaceSize: 1.00 GB
Initial GC threshold: 21.00 MB
Current GC threshold: 21.00 MB
CDS: on
 - commit_granule_bytes: 65536.
 - commit_granule_words: 8192.
 - virtual_space_node_default_size: 8388608.
 - enlarge_chunks_in_place: 1.
 - use_allocation_guard: 0.


Internal statistics:

num_allocs_failed_limit: 0.
num_arena_births: 552.
num_arena_deaths: 0.
num_vsnodes_births: 2.
num_vsnodes_deaths: 0.
num_space_committed: 264.
num_space_uncommitted: 0.
num_chunks_returned_to_freelist: 0.
num_chunks_taken_from_freelist: 1024.
num_chunk_merges: 0.
num_chunk_splits: 596.
num_chunks_enlarged: 323.
num_inconsistent_stats: 0.

CodeHeap 'non-profiled nmethods': size=120000Kb used=993Kb max_used=993Kb free=119006Kb
 bounds [0x000001caf3660000, 0x000001caf38d0000, 0x000001cafab90000]
CodeHeap 'profiled nmethods': size=120000Kb used=4808Kb max_used=4808Kb free=115191Kb
 bounds [0x000001caebb90000, 0x000001caec050000, 0x000001caf30c0000]
CodeHeap 'non-nmethods': size=5760Kb used=1692Kb max_used=1721Kb free=4067Kb
 bounds [0x000001caf30c0000, 0x000001caf3330000, 0x000001caf3660000]
 total_blobs=3038 nmethods=2450 adapters=492
 compilation: enabled
              stopped_count=0, restarted_count=0
 full_count=0

Compilation events (20 events):
Event: 6.077 Thread 0x000001caff891660 nmethod 2418 0x000001caec033090 code [0x000001caec033260, 0x000001caec0335f0]
Event: 6.078 Thread 0x000001caff891660 2422       3       java.lang.invoke.LambdaFormEditor::oldSpeciesData (8 bytes)
Event: 6.078 Thread 0x000001caff891660 nmethod 2422 0x000001caec033710 code [0x000001caec0338e0, 0x000001caec033ce8]
Event: 6.078 Thread 0x000001caff7237b0 2425       4       java.lang.invoke.LambdaForm$BasicType::basicType (187 bytes)
Event: 6.078 Thread 0x000001caff891660 2426       3       jdk.internal.misc.CDS::isDumpingClassList (4 bytes)
Event: 6.078 Thread 0x000001caff891660 nmethod 2426 0x000001caec033e10 code [0x000001caec033fa0, 0x000001caec034090]
Event: 6.079 Thread 0x000001caff7237b0 nmethod 2425 0x000001caf3754890 code [0x000001caf3754a20, 0x000001caf3754b50]
Event: 6.082 Thread 0x000001caff891660 2427       3       java.lang.invoke.DirectMethodHandle$Holder::invokeStatic (22 bytes)
Event: 6.083 Thread 0x000001caff891660 nmethod 2427 0x000001caec034110 code [0x000001caec0342e0, 0x000001caec034830]
Event: 6.083 Thread 0x000001caff891660 2428   !   3       java.util.regex.Pattern::closure (276 bytes)
Event: 6.084 Thread 0x000001caff891660 nmethod 2428 0x000001caec034990 code [0x000001caec034dc0, 0x000001caec0367e0]
Event: 6.084 Thread 0x000001caff891660 2429       3       java.util.concurrent.ConcurrentHashMap$EntryIterator::next (5 bytes)
Event: 6.084 Thread 0x000001caff7237b0 2432       4       java.util.regex.Pattern$$Lambda/0x800000032::is (9 bytes)
Event: 6.085 Thread 0x000001caff891660 nmethod 2429 0x000001caec037190 code [0x000001caec037340, 0x000001caec037478]
Event: 6.085 Thread 0x000001caff891660 2430       3       java.util.concurrent.ConcurrentHashMap$EntryIterator::next (51 bytes)
Event: 6.085 Thread 0x000001caff891660 nmethod 2430 0x000001caec037510 code [0x000001caec037700, 0x000001caec037c18]
Event: 6.085 Thread 0x000001caff891660 2431       1       java.lang.invoke.MethodHandleImpl$AsVarargsCollector::getTarget (5 bytes)
Event: 6.085 Thread 0x000001caff891660 nmethod 2431 0x000001caf3754c10 code [0x000001caf3754da0, 0x000001caf3754e68]
Event: 6.090 Thread 0x000001caff891660 2434       3       java.util.concurrent.ConcurrentHashMap$Traverser::<init> (36 bytes)
Event: 6.090 Thread 0x000001caff891660 nmethod 2434 0x000001caec037d90 code [0x000001caec037f40, 0x000001caec038140]

GC Heap History (6 events):
Event: 1.028 GC heap before
{Heap before GC invocations=0 (full 0):
 garbage-first heap   total 126976K, used 14336K [0x0000000084200000, 0x0000000100000000)
  region size 1024K, 13 young (13312K), 0 survivors (0K)
 Metaspace       used 1407K, committed 1600K, reserved 1114112K
  class space    used 118K, committed 256K, reserved 1048576K
}
Event: 1.035 GC heap after
{Heap after GC invocations=1 (full 0):
 garbage-first heap   total 126976K, used 8499K [0x0000000084200000, 0x0000000100000000)
  region size 1024K, 2 young (2048K), 2 survivors (2048K)
 Metaspace       used 1407K, committed 1600K, reserved 1114112K
  class space    used 118K, committed 256K, reserved 1048576K
}
Event: 1.648 GC heap before
{Heap before GC invocations=1 (full 0):
 garbage-first heap   total 126976K, used 18739K [0x0000000084200000, 0x0000000100000000)
  region size 1024K, 12 young (12288K), 2 survivors (2048K)
 Metaspace       used 5765K, committed 6016K, reserved 1114112K
  class space    used 607K, committed 704K, reserved 1048576K
}
Event: 1.652 GC heap after
{Heap after GC invocations=2 (full 0):
 garbage-first heap   total 126976K, used 10989K [0x0000000084200000, 0x0000000100000000)
  region size 1024K, 2 young (2048K), 2 survivors (2048K)
 Metaspace       used 5765K, committed 6016K, reserved 1114112K
  class space    used 607K, committed 704K, reserved 1048576K
}
Event: 3.719 GC heap before
{Heap before GC invocations=2 (full 0):
 garbage-first heap   total 126976K, used 28397K [0x0000000084200000, 0x0000000100000000)
  region size 1024K, 20 young (20480K), 2 survivors (2048K)
 Metaspace       used 11945K, committed 12416K, reserved 1114112K
  class space    used 1379K, committed 1600K, reserved 1048576K
}
Event: 3.725 GC heap after
{Heap after GC invocations=3 (full 0):
 garbage-first heap   total 126976K, used 14453K [0x0000000084200000, 0x0000000100000000)
  region size 1024K, 3 young (3072K), 3 survivors (3072K)
 Metaspace       used 11945K, committed 12416K, reserved 1114112K
  class space    used 1379K, committed 1600K, reserved 1048576K
}

Dll operation events (9 events):
Event: 0.012 Loaded shared library C:\Program Files\Java\jdk-21\bin\java.dll
Event: 0.055 Loaded shared library C:\Program Files\Java\jdk-21\bin\jsvml.dll
Event: 0.308 Loaded shared library C:\Program Files\Java\jdk-21\bin\net.dll
Event: 0.311 Loaded shared library C:\Program Files\Java\jdk-21\bin\nio.dll
Event: 0.319 Loaded shared library C:\Program Files\Java\jdk-21\bin\zip.dll
Event: 0.987 Loaded shared library C:\Program Files\Java\jdk-21\bin\jimage.dll
Event: 1.183 Loaded shared library C:\Program Files\Java\jdk-21\bin\verify.dll
Event: 1.293 Loaded shared library C:\Program Files\Java\jdk-21\bin\extnet.dll
Event: 3.774 Loaded shared library C:\Program Files\Java\jdk-21\bin\sunmscapi.dll

Deoptimization events (20 events):
Event: 6.072 Thread 0x000001cae37287e0 Uncommon trap: trap_request=0xffffffde fr.pc=0x000001caf3751b0c relative=0x00000000000009ec
Event: 6.072 Thread 0x000001cae37287e0 Uncommon trap: reason=class_check action=maybe_recompile pc=0x000001caf3751b0c method=java.util.regex.Pattern.lambda$negate$7(Ljava/util/regex/Pattern$CharPredicate;I)Z @ 2 c2
Event: 6.072 Thread 0x000001cae37287e0 DEOPT PACKING pc=0x000001caf3751b0c sp=0x00000013ba1fed10
Event: 6.072 Thread 0x000001cae37287e0 DEOPT UNPACKING pc=0x000001caf3117da2 sp=0x00000013ba1fec00 mode 2
Event: 6.072 Thread 0x000001cae37287e0 Uncommon trap: trap_request=0xffffffde fr.pc=0x000001caf3751b0c relative=0x00000000000009ec
Event: 6.072 Thread 0x000001cae37287e0 Uncommon trap: reason=class_check action=maybe_recompile pc=0x000001caf3751b0c method=java.util.regex.Pattern.lambda$negate$7(Ljava/util/regex/Pattern$CharPredicate;I)Z @ 2 c2
Event: 6.072 Thread 0x000001cae37287e0 DEOPT PACKING pc=0x000001caf3751b0c sp=0x00000013ba1fed10
Event: 6.072 Thread 0x000001cae37287e0 DEOPT UNPACKING pc=0x000001caf3117da2 sp=0x00000013ba1fec00 mode 2
Event: 6.072 Thread 0x000001cae37287e0 Uncommon trap: trap_request=0xffffffde fr.pc=0x000001caf3751b0c relative=0x00000000000009ec
Event: 6.072 Thread 0x000001cae37287e0 Uncommon trap: reason=class_check action=maybe_recompile pc=0x000001caf3751b0c method=java.util.regex.Pattern.lambda$negate$7(Ljava/util/regex/Pattern$CharPredicate;I)Z @ 2 c2
Event: 6.072 Thread 0x000001cae37287e0 DEOPT PACKING pc=0x000001caf3751b0c sp=0x00000013ba1fed10
Event: 6.072 Thread 0x000001cae37287e0 DEOPT UNPACKING pc=0x000001caf3117da2 sp=0x00000013ba1fec00 mode 2
Event: 6.072 Thread 0x000001cae37287e0 Uncommon trap: trap_request=0xffffffde fr.pc=0x000001caf3751b0c relative=0x00000000000009ec
Event: 6.072 Thread 0x000001cae37287e0 Uncommon trap: reason=class_check action=maybe_recompile pc=0x000001caf3751b0c method=java.util.regex.Pattern.lambda$negate$7(Ljava/util/regex/Pattern$CharPredicate;I)Z @ 2 c2
Event: 6.072 Thread 0x000001cae37287e0 DEOPT PACKING pc=0x000001caf3751b0c sp=0x00000013ba1fed10
Event: 6.072 Thread 0x000001cae37287e0 DEOPT UNPACKING pc=0x000001caf3117da2 sp=0x00000013ba1fec00 mode 2
Event: 6.072 Thread 0x000001cae37287e0 Uncommon trap: trap_request=0xffffffde fr.pc=0x000001caf37503bc relative=0x000000000000035c
Event: 6.072 Thread 0x000001cae37287e0 Uncommon trap: reason=class_check action=maybe_recompile pc=0x000001caf37503bc method=java.util.regex.Pattern.lambda$negate$7(Ljava/util/regex/Pattern$CharPredicate;I)Z @ 2 c2
Event: 6.072 Thread 0x000001cae37287e0 DEOPT PACKING pc=0x000001caf37503bc sp=0x00000013ba1fecc0
Event: 6.072 Thread 0x000001cae37287e0 DEOPT UNPACKING pc=0x000001caf3117da2 sp=0x00000013ba1fec00 mode 2

Classes loaded (20 events):
Event: 5.990 Loading class sun/util/cldr/CLDRBaseLocaleDataMetaInfo$TZCanonicalIDMapHolder
Event: 5.990 Loading class sun/util/cldr/CLDRBaseLocaleDataMetaInfo$TZCanonicalIDMapHolder done
Event: 5.992 Loading class sun/util/resources/TimeZoneNames
Event: 5.992 Loading class sun/util/resources/TimeZoneNames done
Event: 5.993 Loading class sun/util/resources/TimeZoneNames_en
Event: 5.993 Loading class sun/util/resources/TimeZoneNames_en done
Event: 5.995 Loading class java/text/StringCharacterIterator
Event: 5.996 Loading class java/text/CharacterIterator
Event: 5.996 Loading class java/text/CharacterIterator done
Event: 5.996 Loading class java/text/StringCharacterIterator done
Event: 5.997 Loading class java/util/concurrent/ConcurrentLinkedDeque$Itr
Event: 5.997 Loading class java/util/concurrent/ConcurrentLinkedDeque$AbstractItr
Event: 5.997 Loading class java/util/concurrent/ConcurrentLinkedDeque$AbstractItr done
Event: 5.997 Loading class java/util/concurrent/ConcurrentLinkedDeque$Itr done
Event: 6.008 Loading class java/io/FileOutputStream$1
Event: 6.008 Loading class java/io/FileOutputStream$1 done
Event: 6.011 Loading class sun/util/resources/cldr/TimeZoneNames_en_US
Event: 6.011 Loading class sun/util/resources/cldr/TimeZoneNames_en_US done
Event: 6.024 Loading class java/util/ComparableTimSort
Event: 6.025 Loading class java/util/ComparableTimSort done

Classes unloaded (0 events):
No events

Classes redefined (0 events):
No events

Internal exceptions (20 events):
Event: 4.039 Thread 0x000001cac62c37d0 Exception <a 'java/net/ConnectException'{0x000000008b966618}: Connection refused: getsockopt> (0x000000008b966618) 
thrown [s\open\src\hotspot\share\prims\jni.cpp, line 539]
Event: 4.039 Thread 0x000001cac62c37d0 Exception <a 'java/net/ConnectException'{0x000000008b966e70}: Connection refused: getsockopt> (0x000000008b966e70) 
thrown [s\open\src\hotspot\share\prims\jni.cpp, line 539]
Event: 4.039 Thread 0x000001cac62c37d0 Exception <a 'java/net/ConnectException'{0x000000008b9676c8}: Connection refused: getsockopt> (0x000000008b9676c8) 
thrown [s\open\src\hotspot\share\prims\jni.cpp, line 539]
Event: 4.040 Thread 0x000001cac62c37d0 Exception <a 'java/net/ConnectException'{0x000000008b967f20}: Connection refused: getsockopt> (0x000000008b967f20) 
thrown [s\open\src\hotspot\share\prims\jni.cpp, line 539]
Event: 4.040 Thread 0x000001cac62c37d0 Exception <a 'java/net/ConnectException'{0x000000008b968778}: Connection refused: getsockopt> (0x000000008b968778) 
thrown [s\open\src\hotspot\share\prims\jni.cpp, line 539]
Event: 4.040 Thread 0x000001cac62c37d0 Exception <a 'java/net/ConnectException'{0x000000008b968fd0}: Connection refused: getsockopt> (0x000000008b968fd0) 
thrown [s\open\src\hotspot\share\prims\jni.cpp, line 539]
Event: 4.062 Thread 0x000001cae37287e0 Exception <a 'java/lang/NoSuchMethodError'{0x000000008b83c850}: 'java.lang.Object java.lang.invoke.DirectMethodHandle$Holder.newInvokeSpecial(java.lang.Object, java.lang.Object, int, int)'> (0x000000008b83c850) 
thrown [s\open\src\hotspot\share\interpreter\linkResolver.cpp, line 773]
Event: 4.063 Thread 0x000001cae37287e0 Exception <a 'java/lang/NoSuchMethodError'{0x000000008b846d28}: 'void java.lang.invoke.DirectMethodHandle$Holder.invokeStatic(java.lang.Object, java.lang.Object, int)'> (0x000000008b846d28) 
thrown [s\open\src\hotspot\share\interpreter\linkResolver.cpp, line 773]
Event: 4.073 Thread 0x000001cae37287e0 Exception <a 'java/lang/NoSuchMethodError'{0x000000008b8aa608}: 'void java.lang.invoke.DirectMethodHandle$Holder.invokeInterface(java.lang.Object, java.lang.Object, java.lang.Object)'> (0x000000008b8aa608) 
thrown [s\open\src\hotspot\share\interpreter\linkResolver.cpp, line 773]
Event: 4.097 Thread 0x000001cac67651e0 Exception <a 'java/lang/NoSuchMethodError'{0x000000008b7985f8}: 'java.lang.Object java.lang.invoke.DirectMethodHandle$Holder.invokeSpecial(java.lang.Object, java.lang.Object, java.lang.Object, java.lang.Object, int)'> (0x000000008b7985f8) 
thrown [s\open\src\hotspot\share\interpreter\linkResolver.cpp, line 773]
Event: 4.097 Thread 0x000001cac67651e0 Exception <a 'java/lang/NoSuchMethodError'{0x000000008b79bf40}: 'java.lang.Object java.lang.invoke.Invokers$Holder.linkToTargetMethod(java.lang.Object, java.lang.Object, int, java.lang.Object)'> (0x000000008b79bf40) 
thrown [s\open\src\hotspot\share\interpreter\linkResolver.cpp, line 773]
Event: 4.113 Thread 0x000001cac67651e0 Exception <a 'java/lang/NoSuchMethodError'{0x000000008b7db2e0}: 'void java.lang.invoke.DirectMethodHandle$Holder.invokeSpecial(java.lang.Object, java.lang.Object, java.lang.Object, java.lang.Object, java.lang.Object)'> (0x000000008b7db2e0) 
thrown [s\open\src\hotspot\share\interpreter\linkResolver.cpp, line 773]
Event: 5.783 Thread 0x000001cac6766590 Exception <a 'java/lang/NoSuchMethodError'{0x000000008b6ac4e0}: 'java.lang.Object java.lang.invoke.DirectMethodHandle$Holder.newInvokeSpecial(java.lang.Object, java.lang.Object, long, java.lang.Object, java.lang.Object, java.lang.Object)'> (0x000000008b6ac4e0) 
thrown [s\open\src\hotspot\share\interpreter\linkResolver.cpp, line 773]
Event: 5.788 Thread 0x000001cac6766590 Exception <a 'java/lang/NoSuchMethodError'{0x000000008b50c710}: 'void java.lang.invoke.DirectMethodHandle$Holder.invokeSpecial(java.lang.Object, java.lang.Object, java.lang.Object, java.lang.Object, java.lang.Object, java.lang.Object, java.lang.Object)'> (0x000000008b50c710) 
thrown [s\open\src\hotspot\share\interpreter\linkResolver.cpp, line 773]
Event: 5.810 Thread 0x000001cac61b2ea0 Exception <a 'sun/net/ConnectionResetException'{0x000000008bbcc2a0}: Connection reset> (0x000000008bbcc2a0) 
thrown [s\open\src\hotspot\share\prims\jni.cpp, line 539]
Event: 5.837 Thread 0x000001cae37287e0 Exception <a 'java/lang/NoSuchMethodError'{0x000000008b5de1c0}: 'long java.lang.invoke.DelegatingMethodHandle$Holder.reinvoke_L(java.lang.Object, java.lang.Object)'> (0x000000008b5de1c0) 
thrown [s\open\src\hotspot\share\interpreter\linkResolver.cpp, line 773]
Event: 5.838 Thread 0x000001cae37287e0 Exception <a 'java/lang/NoSuchMethodError'{0x000000008b5e7e88}: 'void java.lang.invoke.DelegatingMethodHandle$Holder.reinvoke_L(java.lang.Object, java.lang.Object, long)'> (0x000000008b5e7e88) 
thrown [s\open\src\hotspot\share\interpreter\linkResolver.cpp, line 773]
Event: 5.838 Thread 0x000001cae37287e0 Exception <a 'java/lang/NoSuchMethodError'{0x000000008b5ee668}: 'long java.lang.invoke.Invokers$Holder.invokeExact_MT(java.lang.Object, java.lang.Object, java.lang.Object)'> (0x000000008b5ee668) 
thrown [s\open\src\hotspot\share\interpreter\linkResolver.cpp, line 773]
Event: 5.879 Thread 0x000001cae37287e0 Exception <a 'java/lang/NoSuchMethodError'{0x000000008b47b008}: 'void java.lang.invoke.DirectMethodHandle$Holder.invokeInterface(java.lang.Object, java.lang.Object)'> (0x000000008b47b008) 
thrown [s\open\src\hotspot\share\interpreter\linkResolver.cpp, line 773]
Event: 6.078 Thread 0x000001cae37287e0 Exception <a 'java/lang/NoSuchMethodError'{0x000000008b09cb08}: 'long java.lang.invoke.DirectMethodHandle$Holder.invokeSpecial(java.lang.Object, java.lang.Object, int, java.lang.Object, java.lang.Object)'> (0x000000008b09cb08) 
thrown [s\open\src\hotspot\share\interpreter\linkResolver.cpp, line 773]

ZGC Phase Switch (0 events):
No events

VM Operations (20 events):
Event: 3.518 Executing VM operation: HandshakeAllThreads (Deoptimize)
Event: 3.518 Executing VM operation: HandshakeAllThreads (Deoptimize) done
Event: 3.653 Executing VM operation: HandshakeAllThreads (Deoptimize)
Event: 3.653 Executing VM operation: HandshakeAllThreads (Deoptimize) done
Event: 3.719 Executing VM operation: G1CollectForAllocation (G1 Evacuation Pause)
Event: 3.725 Executing VM operation: G1CollectForAllocation (G1 Evacuation Pause) done
Event: 3.867 Executing VM operation: HandshakeAllThreads (Deoptimize)
Event: 3.879 Executing VM operation: HandshakeAllThreads (Deoptimize) done
Event: 3.881 Executing VM operation: HandshakeAllThreads (Deoptimize)
Event: 3.882 Executing VM operation: HandshakeAllThreads (Deoptimize) done
Event: 4.887 Executing VM operation: Cleanup
Event: 4.887 Executing VM operation: Cleanup done
Event: 5.768 Executing VM operation: HandshakeAllThreads (Deoptimize)
Event: 5.768 Executing VM operation: HandshakeAllThreads (Deoptimize) done
Event: 5.770 Executing VM operation: HandshakeAllThreads (Deoptimize)
Event: 5.771 Executing VM operation: HandshakeAllThreads (Deoptimize) done
Event: 5.949 Executing VM operation: HandshakeAllThreads (Deoptimize)
Event: 5.949 Executing VM operation: HandshakeAllThreads (Deoptimize) done
Event: 5.949 Executing VM operation: Cleanup
Event: 5.949 Executing VM operation: Cleanup done

Events (20 events):
Event: 0.296 Thread 0x000001caffa6b8f0 Thread added: 0x000001caffa6b8f0
Event: 0.304 Thread 0x000001caffa7d230 Thread added: 0x000001caffa7d230
Event: 0.969 Thread 0x000001cac53978e0 Thread added: 0x000001cac53978e0
Event: 1.303 Thread 0x000001cac57e97e0 Thread added: 0x000001cac57e97e0
Event: 1.654 Thread 0x000001cac53978e0 Thread exited: 0x000001cac53978e0
Event: 2.120 Thread 0x000001cac61bdda0 Thread added: 0x000001cac61bdda0
Event: 3.387 Thread 0x000001cac61bdda0 Thread exited: 0x000001cac61bdda0
Event: 3.450 Thread 0x000001cac622bf50 Thread added: 0x000001cac622bf50
Event: 3.450 Thread 0x000001cac622c5c0 Thread added: 0x000001cac622c5c0
Event: 3.818 Thread 0x000001cac61b2ea0 Thread added: 0x000001cac61b2ea0
Event: 3.864 Thread 0x000001cac63224d0 Thread added: 0x000001cac63224d0
Event: 3.882 Thread 0x000001cac62c37d0 Thread added: 0x000001cac62c37d0
Event: 3.883 Thread 0x000001cac6766c20 Thread added: 0x000001cac6766c20
Event: 4.089 Thread 0x000001cac67651e0 Thread added: 0x000001cac67651e0
Event: 4.123 Thread 0x000001cac6766590 Thread added: 0x000001cac6766590
Event: 4.128 Thread 0x000001cac6767fd0 Thread added: 0x000001cac6767fd0
Event: 5.809 Thread 0x000001cac63224d0 Thread exited: 0x000001cac63224d0
Event: 5.816 Thread 0x000001cac6766c20 Thread exited: 0x000001cac6766c20
Event: 5.817 Thread 0x000001cac62c37d0 Thread exited: 0x000001cac62c37d0
Event: 6.016 Thread 0x000001cac5bdb140 Thread added: 0x000001cac5bdb140


Dynamic libraries:
0x00007ff736a20000 - 0x00007ff736a30000 	C:\Program Files\Java\jdk-21\bin\javaw.exe
0x00007ffa33bd0000 - 0x00007ffa33dc8000 	C:\Windows\SYSTEM32\ntdll.dll
0x00007ffa339b0000 - 0x00007ffa33a6f000 	C:\Windows\System32\KERNEL32.DLL
0x00007ffa31370000 - 0x00007ffa31642000 	C:\Windows\System32\KERNELBASE.dll
0x00007ffa31730000 - 0x00007ffa31830000 	C:\Windows\System32\ucrtbase.dll
0x00007ffa12ae0000 - 0x00007ffa12af9000 	C:\Program Files\Java\jdk-21\bin\jli.dll
0x00007ffa31f00000 - 0x00007ffa31fae000 	C:\Windows\System32\ADVAPI32.dll
0x00007ffa33020000 - 0x00007ffa330be000 	C:\Windows\System32\msvcrt.dll
0x00007ffa33a70000 - 0x00007ffa33b0c000 	C:\Windows\System32\sechost.dll
0x00007ffa32ef0000 - 0x00007ffa33015000 	C:\Windows\System32\RPCRT4.dll
0x00007ffa33800000 - 0x00007ffa339a1000 	C:\Windows\System32\USER32.dll
0x00007ffa31ad0000 - 0x00007ffa31af2000 	C:\Windows\System32\win32u.dll
0x00007ffa32440000 - 0x00007ffa3246b000 	C:\Windows\System32\GDI32.dll
0x00007ffa31860000 - 0x00007ffa3196f000 	C:\Windows\System32\gdi32full.dll
0x00007ffa31b00000 - 0x00007ffa31b9d000 	C:\Windows\System32\msvcp_win.dll
0x00007ffa1ab90000 - 0x00007ffa1abab000 	C:\Program Files\Java\jdk-21\bin\VCRUNTIME140.dll
0x00007ffa1d570000 - 0x00007ffa1d80a000 	C:\Windows\WinSxS\amd64_microsoft.windows.common-controls_6595b64144ccf1df_6.0.19041.1110_none_60b5254171f9507e\COMCTL32.dll
0x00007ffa211e0000 - 0x00007ffa211ea000 	C:\Windows\SYSTEM32\VERSION.dll
0x00007ffa31da0000 - 0x00007ffa31dd2000 	C:\Windows\System32\IMM32.DLL
0x00007ffa1e2d0000 - 0x00007ffa1e2dc000 	C:\Program Files\Java\jdk-21\bin\vcruntime140_1.dll
0x00007ff9eba00000 - 0x00007ff9eba8e000 	C:\Program Files\Java\jdk-21\bin\msvcp140.dll
0x00007ff9b9150000 - 0x00007ff9b9e5d000 	C:\Program Files\Java\jdk-21\bin\server\jvm.dll
0x00007ffa326d0000 - 0x00007ffa3273b000 	C:\Windows\System32\WS2_32.dll
0x00007ffa30840000 - 0x00007ffa3088b000 	C:\Windows\SYSTEM32\POWRPROF.dll
0x00007ffa26140000 - 0x00007ffa26167000 	C:\Windows\SYSTEM32\WINMM.dll
0x00007ffa30700000 - 0x00007ffa30712000 	C:\Windows\SYSTEM32\UMPDC.dll
0x00007ffa2fb10000 - 0x00007ffa2fb22000 	C:\Windows\SYSTEM32\kernel.appcore.dll
0x00007ffa1de70000 - 0x00007ffa1de7a000 	C:\Program Files\Java\jdk-21\bin\jimage.dll
0x00007ffa2eef0000 - 0x00007ffa2f0d4000 	C:\Windows\SYSTEM32\DBGHELP.DLL
0x00007ffa1b2a0000 - 0x00007ffa1b2d5000 	C:\Windows\SYSTEM32\dbgcore.DLL
0x00007ffa31650000 - 0x00007ffa316d2000 	C:\Windows\System32\bcryptPrimitives.dll
0x00007ffa096c0000 - 0x00007ffa096df000 	C:\Program Files\Java\jdk-21\bin\java.dll
0x00007ffa32740000 - 0x00007ffa32e85000 	C:\Windows\System32\SHELL32.dll
0x00007ffa2f360000 - 0x00007ffa2faf2000 	C:\Windows\SYSTEM32\windows.storage.dll
0x00007ffa320d0000 - 0x00007ffa32425000 	C:\Windows\System32\combase.dll
0x00007ffa30d20000 - 0x00007ffa30d50000 	C:\Windows\SYSTEM32\Wldp.dll
0x00007ffa32470000 - 0x00007ffa3251d000 	C:\Windows\System32\SHCORE.dll
0x00007ffa31ea0000 - 0x00007ffa31ef5000 	C:\Windows\System32\shlwapi.dll
0x00007ffa31200000 - 0x00007ffa3121f000 	C:\Windows\SYSTEM32\profapi.dll
0x00007ff9eb920000 - 0x00007ff9eb9f7000 	C:\Program Files\Java\jdk-21\bin\jsvml.dll
0x00007ffa1dc60000 - 0x00007ffa1dc70000 	C:\Program Files\Java\jdk-21\bin\net.dll
0x00007ffa2a770000 - 0x00007ffa2a87c000 	C:\Windows\SYSTEM32\WINHTTP.dll
0x00007ffa30a80000 - 0x00007ffa30aea000 	C:\Windows\system32\mswsock.dll
0x00007ffa05400000 - 0x00007ffa05416000 	C:\Program Files\Java\jdk-21\bin\nio.dll
0x00007ffa053e0000 - 0x00007ffa053f8000 	C:\Program Files\Java\jdk-21\bin\zip.dll
0x00007ffa1d8c0000 - 0x00007ffa1d8d0000 	C:\Program Files\Java\jdk-21\bin\verify.dll
0x00007ffa30770000 - 0x00007ffa3083b000 	C:\Windows\SYSTEM32\DNSAPI.dll
0x00007ffa30720000 - 0x00007ffa3075b000 	C:\Windows\SYSTEM32\IPHLPAPI.DLL
0x00007ffa32430000 - 0x00007ffa32438000 	C:\Windows\System32\NSI.dll
0x00007ffa25ec0000 - 0x00007ffa25eca000 	C:\Windows\System32\rasadhlp.dll
0x00007ffa20a30000 - 0x00007ffa20ab0000 	C:\Windows\System32\fwpuclnt.dll
0x00007ffa31830000 - 0x00007ffa31857000 	C:\Windows\System32\bcrypt.dll
0x00007ffa1d250000 - 0x00007ffa1d259000 	C:\Program Files\Java\jdk-21\bin\extnet.dll
0x00007ffa30c70000 - 0x00007ffa30c88000 	C:\Windows\SYSTEM32\CRYPTSP.dll
0x00007ffa30330000 - 0x00007ffa30364000 	C:\Windows\system32\rsaenh.dll
0x00007ffa311c0000 - 0x00007ffa311ee000 	C:\Windows\SYSTEM32\USERENV.dll
0x00007ffa30c90000 - 0x00007ffa30c9c000 	C:\Windows\SYSTEM32\CRYPTBASE.dll
0x00007ffa1d810000 - 0x00007ffa1d81e000 	C:\Program Files\Java\jdk-21\bin\sunmscapi.dll
0x00007ffa31970000 - 0x00007ffa31ac6000 	C:\Windows\System32\CRYPT32.dll
0x00007ffa30d90000 - 0x00007ffa30db7000 	C:\Windows\SYSTEM32\ncrypt.dll
0x00007ffa30d50000 - 0x00007ffa30d8b000 	C:\Windows\SYSTEM32\NTASN1.dll
0x00007ffa2db90000 - 0x00007ffa2db97000 	C:\Windows\system32\wshunix.dll
0x00007ffa10000000 - 0x00007ffa10017000 	C:\Windows\system32\napinsp.dll
0x00007ffa0ffe0000 - 0x00007ffa0fffb000 	C:\Windows\system32\pnrpnsp.dll
0x00007ffa2b290000 - 0x00007ffa2b2a5000 	C:\Windows\system32\wshbth.dll
0x00007ffa2c6d0000 - 0x00007ffa2c6ed000 	C:\Windows\system32\NLAapi.dll
0x00007ffa0ffc0000 - 0x00007ffa0ffd2000 	C:\Windows\System32\winrnr.dll

dbghelp: loaded successfully - version: 4.0.5 - missing functions: none
symbol engine: initialized successfully - sym options: 0x614 - pdb path: .;C:\Program Files\Java\jdk-21\bin;C:\Windows\SYSTEM32;C:\Windows\WinSxS\amd64_microsoft.windows.common-controls_6595b64144ccf1df_6.0.19041.1110_none_60b5254171f9507e;C:\Program Files\Java\jdk-21\bin\server

VM Arguments:
jvm_args: -ea -Dfile.encoding=UTF-8 -Dstdout.encoding=UTF-8 -Dstderr.encoding=UTF-8 -XX:+ShowCodeDetailsInExceptionMessages 
java_command: org.testng.remote.RemoteTestNG -serport 53522 -protocol json -d C:\java workspace\MavenProject\test-output C:\Users\VAISHN~1\AppData\Local\Temp\testng-eclipse-1702140358\testng-customsuite.xml
java_class_path (initial): C:\Users\Vaishnavi\eclipse\java-2024-032\eclipse\configuration\org.eclipse.osgi\524\0\.cp\lib\testng-remote.jar;C:\java workspace\MavenProject\target\test-classes;C:\java workspace\MavenProject\target\classes;C:\Users\Vaishnavi\Downloads\selenium-java-4.22.0\auto-service-annotations-1.1.1.jar;C:\Users\Vaishnavi\Downloads\selenium-java-4.22.0\auto-service-annotations-1.1.1-sources.jar;C:\Users\Vaishnavi\Downloads\selenium-java-4.22.0\byte-buddy-1.14.17.jar;C:\Users\Vaishnavi\Downloads\selenium-java-4.22.0\byte-buddy-1.14.17-sources.jar;C:\Users\Vaishnavi\Downloads\selenium-java-4.22.0\checker-qual-3.42.0.jar;C:\Users\Vaishnavi\Downloads\selenium-java-4.22.0\checker-qual-3.42.0-sources.jar;C:\Users\Vaishnavi\Downloads\selenium-java-4.22.0\commons-exec-1.4.0.jar;C:\Users\Vaishnavi\Downloads\selenium-java-4.22.0\commons-exec-1.4.0-sources.jar;C:\Users\Vaishnavi\Downloads\selenium-java-4.22.0\error_prone_annotations-2.27.0.jar;C:\Users\Vaishnavi\Downloads\selenium-java-4.22.0\error_prone_annotations-2.27.0-sources.jar;C:\Users\Vaishnavi\Downloads\selenium-java-4.22.0\failsafe-3.3.2.jar;C:\Users\Vaishnavi\Downloads\selenium-java-4.22.0\failsafe-3.3.2-sources.jar;C:\Users\Vaishnavi\Downloads\selenium-java-4.22.0\failureaccess-1.0.2.jar;C:\Users\Vaishnavi\Downloads\selenium-java-4.22.0\failureaccess-1.0.2-sources.jar;C:\Users\Vaishnavi\Downloads\selenium-java-4.22.0\guava-33.2.1-jre.jar;C:\Users\Vaishnavi\Downloads\selenium-java-4.22.0\guava-33.2.1-jre-sources.jar;C:\Users\Vaishnavi\Downloads\selenium-java-4.22.0\j2objc-annotations-3.0.0.jar;C:\Users\Vaishnavi\Downloads\selenium-java-4.22.0\j2objc-annotations-3.0.0-sources.jar;C:\Users\Vaishnavi\Downloads\selenium-java-4.22.0\jsr305-3.0.2.jar;C:\Users\Vaishnavi\Downloads\selenium-java-4.22.0\jsr305-3.0.2-sources.jar;C:\Users\Vaishnavi\Downloads\selenium-java-4.22.0\listenablefuture-9999.0-empty-to-avoid-conflict-with-guava.jar;C:\Users\Vaishnavi\Downloads\selenium-java-4.22.0\opentelemetry-api-1.39.0.jar;C:\Users\Vaishnavi\Downloads\selenium-java-4.22.0\opentelemetry-api-1.39.0-sources.jar;C:\Users\Vaishnavi\Downloads\selenium-java-4.22.0\opentelemetry-api-incubator-1.39.0-alpha.jar;C:\Users\Vaishnavi\Downloads\selenium-java-4.22.0\opentelemetry-api-incubator-1.39.0-alpha-sources.jar;C:\Users\Vaishnavi\Downloads\selenium-java-4.22.0\opentelemetry-context-1.39.0.jar;C:\Users\Vaishnavi\Downloads\selenium-java-4.22.0\opentelemetry-context-1.39.0-sources.jar;C:\Users\Vaishnavi\Downloads\selenium-java-4.22.0\opentelemetry-exporter-logging-1.39.0.jar;C:\Users\Vaishnavi\Downloads\selenium-java-4.22.0\opentelemetry-exporter-logging-1.39.0-sources.jar;C:\Users\Vaishnavi\Downloads\selenium-java-4.22.0\opentelemetry-sdk-1.39.0.jar;C:\Users\Vaishnavi\Downloads\selenium-java-4.22.0\opentelemetry-sdk-1.39.0-sources.jar;C:\Users\Vaishnavi\Downloads\selenium-java-4.22.0\opentelemetry-sdk-common-1.39.0.jar;C:\Users\Vaishnavi\Downloads\selenium-java-4.22.0\opentelemetry-sdk-common-1.39.0-sources.jar;C:\Users\Vaishnavi\Downloads\selenium-java-4.22.0\opentelemetry-sdk-extension-autoconfigure-1.39.0.jar;C:\Users\Vaishnavi\Downloads\selenium-java-4.22.0\opentelemetry-sdk-extension-autoconfigure-1.39.0-sources.jar;C:\Users\Vaishnavi\Downloads\selenium-java-4.22.0\opentelemetry-sdk-extension-autoconfigure-spi-1.39.0.jar;C:\Users\Vaishnavi\Downloads\selenium-java-4.22.0\opentelemetry-sdk-extension-autoconfigure-spi-1.39.0-sources.jar;C:\Users\Vaishnavi\Downloads\selenium-java-4.22.0\opentelemetry-sdk-logs-1.39.0.jar;C:\Users\Vaishnavi\Downloads\selenium-java-4.22.0\opentelemetry-sdk-logs-1.39.0-sources.jar;C:\Users\Vaishnavi\Downloads\selenium-java-4.22.0\opentelemetry-sdk-metrics-1.39.0.jar;C:\Users\Vaishnavi\Downloads\selenium-java-4.22.0\opentelemetry-sdk-metrics-1.39.0-sources.jar;C:\Users\Vaishnavi\Downloads\selenium-java-4.22.0\opentelemetry-sdk-trace-1.39.0.jar;C:\Users\Vaishnavi\Downloads\selenium-java-4.22.0\opentelemetry-sdk-trace-1.39.0-sources.jar;C:\Users\Vaishnavi\Downloads\selenium-java-4.22.0\opentelemetry-semconv-1.25.0-alpha.jar;C:\Users\Vaishnavi\Downloads\selenium-java-4.22.0\opentelemetry-semconv-1.25.0-alpha-sources.jar;C:\Users\Vaishnavi\Downloads\selenium-java-4.22.0\selenium-api-4.22.0.jar;C:\Users\Vaishnavi\Downloads\selenium-java-4.22.0\selenium-api-4.22.0-sources.jar;C:\Users\Vaishnavi\Downloads\selenium-java-4.22.0\selenium-chrome-driver-4.22.0.jar;C:\Users\Vaishnavi\Downloads\selenium-java-4.22.0\selenium-chrome-driver-4.22.0-sources.jar;C:\Users\Vaishnavi\Downloads\selenium-java-4.22.0\selenium-chromium-driver-4.22.0.jar;C:\Users\Vaishnavi\Downloads\selenium-java-4.22.0\selenium-chromium-driver-4.22.0-sources.jar;C:\Users\Vaishnavi\Downloads\selenium-java-4.22.0\selenium-devtools-v85-4.22.0.jar;C:\Users\Vaishnavi\Downloads\selenium-java-4.22.0\selenium-devtools-v85-4.22.0-sources.jar;C:\Users\Vaishnavi\Downloads\selenium-java-4.22.0\selenium-devtools-v124-4.22.0.jar;C:\Users\Vaishnavi\Downloads\selenium-java-4.22.0\selenium-devtools-v124-4.22.0-sources.jar;C:\Users\Vaishnavi\Downloads\selenium-java-4.22.0\selenium-devtools-v125-4.22.0.jar;C:\Users\Vaishnavi\Downloads\selenium-java-4.22.0\selenium-devtools-v125-4.22.0-sources.jar;C:\Users\Vaishnavi\Downloads\selenium-java-4.22.0\selenium-devtools-v126-4.22.0.jar;C:\Users\Vaishnavi\Downloads\selenium-java-4.22.0\selenium-devtools-v126-4.22.0-sources.jar;C:\Users\Vaishnavi\Downloads\selenium-java-4.22.0\selenium-edge-driver-4.22.0.jar;C:\Users\Vaishnavi\Downloads\selenium-java-4.22.0\selenium-edge-driver-4.22.0-sources.jar;C:\Users\Vaishnavi\Downloads\selenium-java-4.22.0\selenium-firefox-driver-4.22.0.jar;C:\Users\Vaishnavi\Downloads\selenium-java-4.22.0\selenium-firefox-driver-4.22.0-sources.jar;C:\Users\Vaishnavi\Downloads\selenium-java-4.22.0\selenium-http-4.22.0.jar;C:\Users\Vaishnavi\Downloads\selenium-java-4.22.0\selenium-http-4.22.0-sources.jar;C:\Users\Vaishnavi\Downloads\selenium-java-4.22.0\selenium-ie-driver-4.22.0.jar;C:\Users\Vaishnavi\Downloads\selenium-java-4.22.0\selenium-ie-driver-4.22.0-sources.jar;C:\Users\Vaishnavi\Downloads\selenium-java-4.22.0\selenium-java-4.22.0.jar;C:\Users\Vaishnavi\Downloads\selenium-java-4.22.0\selenium-java-4.22.0-sources.jar;C:\Users\Vaishnavi\Downloads\selenium-java-4.22.0\selenium-json-4.22.0.jar;C:\Users\Vaishnavi\Downloads\selenium-java-4.22.0\selenium-json-4.22.0-sources.jar;C:\Users\Vaishnavi\Downloads\selenium-java-4.22.0\selenium-manager-4.22.0.jar;C:\Users\Vaishnavi\Downloads\selenium-java-4.22.0\selenium-manager-4.22.0-sources.jar;C:\Users\Vaishnavi\Downloads\selenium-java-4.22.0\selenium-os-4.22.0.jar;C:\Users\Vaishnavi\Downloads\selenium-java-4.22.0\selenium-os-4.22.0-sources.jar;C:\Users\Vaishnavi\Downloads\selenium-java-4.22.0\selenium-remote-driver-4.22.0.jar;C:\Users\Vaishnavi\Downloads\selenium-java-4.22.0\selenium-remote-driver-4.22.0-sources.jar;C:\Users\Vaishnavi\Downloads\selenium-java-4.22.0\selenium-safari-driver-4.22.0.jar;C:\Users\Vaishnavi\Downloads\selenium-java-4.22.0\selenium-safari-driver-4.22.0-sources.jar;C:\Users\Vaishnavi\Downloads\selenium-java-4.22.0\selenium-support-4.22.0.jar;C:\Users\Vaishnavi\Downloads\selenium-java-4.22.0\selenium-support-4.22.0-sources.jar;C:\Users\Vaishnavi\.m2\repository\xalan\xalan\2.7.2\xalan-2.7.2.jar;C:\Users\Vaishnavi\.m2\repository\org\seleniumhq\selenium\selenium-support\4.11.0\selenium-support-4.11.0.jar;C:\Users\Vaishnavi\.m2\repository\org\bytedeco\tesseract\5.3.1-1.5.9\tesseract-5.3.1-1.5.9.jar;C:\Users\Vaishnavi\.m2\repository\org\seleniumhq\selenium\selenium-java\4.11.0\selenium-java-4.11.0.jar;C:\Users\Vaishnavi\.m2\repository\org\seleniumhq\selenium\selenium-api\4.11.0\selenium-api-4.11.0.jar;C:\Users\Vaishnavi\.m2\repository\org\seleniumhq\selenium\selenium-chrome-driver\4.11.0\selenium-chrome-driver-4.11.0.jar;C:\Users\Vaishnavi\.m2\repository\com\google\auto\service\auto-service-annotations\1.0.1\auto-service-annotations-1.0.1.jar;C:\Users\Vaishnavi\.m2\repository\com\google\guava\guava\31.1-jre\guava-31.1-jre.jar;C:\Users\Vaishnavi\.m2\repository\com\google\guava\failureaccess\1.0.1\failureaccess-1.0.1.jar;C:\Users\Vaishnavi\.m2\repository\com\google\guava\listenablefuture\9999.0-empty-to-avoid-conflict-with-guava\listenablefuture-9999.0-empty-to-avoid-conflict-with-guava.jar;C:\Users\Vaishnavi\.m2\repository\com\google\code\findbugs\jsr305\3.0.2\jsr305-3.0.2.jar;C:\Users\Vaishnavi\.m2\repository\org\checkerframework\checker-qual\3.12.0\checker-qual-3.12.0.jar;C:\Users\Vaishnavi\.m2\repository\com\google\errorprone\error_prone_annotations\2.11.0\error_prone_annotations-2.11.0.jar;C:\Users\Vaishnavi\.m2\repository\com\google\j2objc\j2objc-annotations\1.3\j2objc-annotations-1.3.jar;C:\Users\Vaishnavi\.m2\repository\org\seleniumhq\selenium\selenium-chromium-driver\4.11.0\selenium-chromium-driver-4.11.0.jar;C:\Users\Vaishnavi\.m2\repository\org\seleniumhq\selenium\selenium-json\4.11.0\selenium-json-4.11.0.jar;C:\Users\Vaishnavi\.m2\repository\org\seleniumhq\selenium\selenium-manager\4.11.0\selenium-manager-4.11.0.jar;C:\Users\Vaishnavi\.m2\repository\org\seleniumhq\selenium\selenium-devtools-v113\4.11.0\selenium-devtools-v113-4.11.0.jar;C:\Users\Vaishnavi\.m2\repository\org\seleniumhq\selenium\selenium-devtools-v114\4.11.0\selenium-devtools-v114-4.11.0.jar;C:\Users\Vaishnavi\.m2\repository\org\seleniumhq\selenium\selenium-devtools-v115\4.11.0\selenium-devtools-v115-4.11.0.jar;C:\Users\Vaishnavi\.m2\repository\org\seleniumhq\selenium\selenium-devtools-v85\4.11.0\selenium-devtools-v85-4.11.0.jar;C:\Users\Vaishnavi\.m2\repository\org\seleniumhq\selenium\selenium-edge-driver\4.11.0\selenium-edge-driver-4.11.0.jar;C:\Users\Vaishnavi\.m2\repository\org\seleniumhq\selenium\selenium-firefox-driver\4.11.0\selenium-firefox-driver-4.11.0.jar;C:\Users\Vaishnavi\.m2\repository\org\seleniumhq\selenium\selenium-http\4.11.0\selenium-http-4.11.0.jar;C:\Users\Vaishnavi\.m2\repository\dev\failsafe\failsafe\3.3.1\failsafe-3.3.1.jar;C:\Users\Vaishnavi\.m2\repository\org\seleniumhq\selenium\selenium-ie-driver\4.11.0\selenium-ie-driver-4.11.0.jar;C:\Users\Vaishnavi\.m2\repository\org\seleniumhq\selenium\selenium-remote-driver\4.11.0\selenium-remote-driver-4.11.0.jar;C:\Users\Vaishnavi\.m2\repository\io\netty\netty-buffer\4.1.92.Final\netty-buffer-4.1.92.Final.jar;C:\Users\Vaishnavi\.m2\repository\io\netty\netty-codec-http\4.1.92.Final\netty-codec-http-4.1.92.Final.jar;C:\Users\Vaishnavi\.m2\repository\io\netty\netty-codec\4.1.92.Final\netty-codec-4.1.92.Final.jar;C:\Users\Vaishnavi\.m2\repository\io\netty\netty-handler\4.1.92.Final\netty-handler-4.1.92.Final.jar;C:\Users\Vaishnavi\.m2\repository\io\netty\netty-common\4.1.92.Final\netty-common-4.1.92.Final.jar;C:\Users\Vaishnavi\.m2\repository\io\netty\netty-transport-classes-epoll\4.1.92.Final\netty-transport-classes-epoll-4.1.92.Final.jar;C:\Users\Vaishnavi\.m2\repository\io\netty\netty-transport-classes-kqueue\4.1.92.Final\netty-transport-classes-kqueue-4.1.92.Final.jar;C:\Users\Vaishnavi\.m2\repository\io\netty\netty-transport-native-epoll\4.1.92.Final\netty-transport-native-epoll-4.1.92.Final.jar;C:\Users\Vaishnavi\.m2\repository\io\netty\netty-transport-native-kqueue\4.1.92.Final\netty-transport-native-kqueue-4.1.92.Final.jar;C:\Users\Vaishnavi\.m2\repository\io\netty\netty-transport-native-unix-common\4.1.92.Final\netty-transport-native-unix-common-4.1.92.Final.jar;C:\Users\Vaishnavi\.m2\repository\io\netty\netty-transport\4.1.92.Final\netty-transport-4.1.92.Final.jar;C:\Users\Vaishnavi\.m2\repository\io\netty\netty-resolver\4.1.92.Final\netty-resolver-4.1.92.Final.jar;C:\Users\Vaishnavi\.m2\repository\io\opentelemetry\opentelemetry-api\1.26.0\opentelemetry-api-1.26.0.jar;C:\Users\Vaishnavi\.m2\repository\io\opentelemetry\opentelemetry-context\1.26.0\opentelemetry-context-1.26.0.jar;C:\Users\Vaishnavi\.m2\repository\io\opentelemetry\opentelemetry-exporter-logging\1.26.0\opentelemetry-exporter-logging-1.26.0.jar;C:\Users\Vaishnavi\.m2\repository\io\opentelemetry\opentelemetry-sdk-metrics\1.26.0\opentelemetry-sdk-metrics-1.26.0.jar;C:\Users\Vaishnavi\.m2\repository\io\opentelemetry\opentelemetry-extension-incubator\1.26.0-alpha\opentelemetry-extension-incubator-1.26.0-alpha.jar;C:\Users\Vaishnavi\.m2\repository\io\opentelemetry\opentelemetry-sdk-logs\1.26.0-alpha\opentelemetry-sdk-logs-1.26.0-alpha.jar;C:\Users\Vaishnavi\.m2\repository\io\opentelemetry\opentelemetry-api-logs\1.26.0-alpha\opentelemetry-api-logs-1.26.0-alpha.jar;C:\Users\Vaishnavi\.m2\repository\io\opentelemetry\opentelemetry-api-events\1.26.0-alpha\opentelemetry-api-events-1.26.0-alpha.jar;C:\Users\Vaishnavi\.m2\repository\io\opentelemetry\opentelemetry-sdk-common\1.26.0\opentelemetry-sdk-common-1.26.0.jar;C:\Users\Vaishnavi\.m2\repository\io\opentelemetry\opentelemetry-sdk-extension-autoconfigure-spi\1.26.0\opentelemetry-sdk-extension-autoconfigure-spi-1.26.0.jar;C:\Users\Vaishnavi\.m2\repository\io\opentelemetry\opentelemetry-sdk-extension-autoconfigure\1.26.0-alpha\opentelemetry-sdk-extension-autoconfigure-1.26.0-alpha.jar;C:\Users\Vaishnavi\.m2\repository\io\opentelemetry\opentelemetry-sdk-trace\1.26.0\opentelemetry-sdk-trace-1.26.0.jar;C:\Users\Vaishnavi\.m2\repository\io\opentelemetry\opentelemetry-sdk\1.26.0\opentelemetry-sdk-1.26.0.jar;C:\Users\Vaishnavi\.m2\repository\io\opentelemetry\opentelemetry-semconv\1.26.0-alpha\opentelemetry-semconv-1.26.0-alpha.jar;C:\Users\Vaishnavi\.m2\repository\net\bytebuddy\byte-buddy\1.14.4\byte-buddy-1.14.4.jar;C:\Users\Vaishnavi\.m2\repository\org\apache\commons\commons-exec\1.3\commons-exec-1.3.jar;C:\Users\Vaishnavi\.m2\repository\org\asynchttpclient\async-http-client\2.12.3\async-http-client-2.12.3.jar;C:\Users\Vaishnavi\.m2\repository\org\asynchttpclient\async-http-client-netty-utils\2.12.3\async-http-client-netty-utils-2.12.3.jar;C:\Users\Vaishnavi\.m2\repository\io\netty\netty-codec-socks\4.1.60.Final\netty-codec-socks-4.1.60.Final.jar;C:\Users\Vaishnavi\.m2\repository\io\netty\netty-handler-proxy\4.1.60.Final\netty-handler-proxy-4.1.60.Final.jar;C:\Users\Vaishnavi\.m2\repository\io\netty\netty-transport-native-epoll\4.1.60.Final\netty-transport-native-epoll-4.1.60.Final-linux-x86_64.jar;C:\Users\Vaishnavi\.m2\repository\io\netty\netty-transport-native-kqueue\4.1.60.Final\netty-transport-native-kqueue-4.1.60.Final-osx-x86_64.jar;C:\Users\Vaishnavi\.m2\repository\org\reactivestreams\reactive-streams\1.0.3\reactive-streams-1.0.3.jar;C:\Users\Vaishnavi\.m2\repository\com\typesafe\netty\netty-reactive-streams\2.0.4\netty-reactive-streams-2.0.4.jar;C:\Users\Vaishnavi\.m2\repository\com\sun\activation\jakarta.activation\1.2.2\jakarta.activation-1.2.2.jar;C:\Users\Vaishnavi\.m2\repository\org\seleniumhq\selenium\selenium-safari-driver\4.11.0\selenium-safari-driver-4.11.0.jar;C:\Users\Vaishnavi\.m2\repository\org\testng\testng\7.8.0\testng-7.8.0.jar;C:\Users\Vaishnavi\.m2\repository\org\slf4j\slf4j-api\1.7.36\slf4j-api-1.7.36.jar;C:\Users\Vaishnavi\.m2\repository\com\beust\jcommander\1.82\jcommander-1.82.jar;C:\Users\Vaishnavi\.m2\repository\org\webjars\jquery\3.6.1\jquery-3.6.1.jar;C:\Users\Vaishnavi\.m2\repository\org\apache\poi\poi\5.0.0\poi-5.0.0.jar;C:\Users\Vaishnavi\.m2\repository\org\slf4j\jcl-over-slf4j\1.7.30\jcl-over-slf4j-1.7.30.jar;C:\Users\Vaishnavi\.m2\repository\commons-codec\commons-codec\1.15\commons-codec-1.15.jar;C:\Users\Vaishnavi\.m2\repository\org\apache\commons\commons-collections4\4.4\commons-collections4-4.4.jar;C:\Users\Vaishnavi\.m2\repository\org\apache\commons\commons-math3\3.6.1\commons-math3-3.6.1.jar;C:\Users\Vaishnavi\.m2\repository\com\zaxxer\SparseBitSet\1.2\SparseBitSet-1.2.jar;C:\Users\Vaishnavi\.m2\repository\org\apache\poi\poi-ooxml\5.0.0\poi-ooxml-5.0.0.jar;C:\Users\Vaishnavi\.m2\repository\org\apache\poi\poi-ooxml-lite\5.0.0\poi-ooxml-lite-5.0.0.jar;C:\Users\Vaishnavi\.m2\repository\org\apache\xmlbeans\xmlbeans\4.0.0\xmlbeans-4.0.0.jar;C:\Users\Vaishnavi\.m2\repository\org\apache\commons\commons-compress\1.20\commons-compress-1.20.jar;C:\Users\Vaishnavi\.m2\repository\com\github\virtuald\curvesapi\1.06\curvesapi-1.06.jar;C:\Users\Vaishnavi\.m2\repository\org\bouncycastle\bcpkix-jdk15on\1.68\bcpkix-jdk15on-1.68.jar;C:\Users\Vaishnavi\.m2\repository\org\bouncycastle\bcprov-jdk15on\1.68\bcprov-jdk15on-1.68.jar;C:\Users\Vaishnavi\.m2\repository\org\apache\santuario\xmlsec\2.2.1\xmlsec-2.2.1.jar;C:\Users\Vaishnavi\.m2\repository\com\fasterxml\woodstox\woodstox-core\5.2.1\woodstox-core-5.2.1.jar;C:\Users\Vaishnavi\.m2\repository\org\codehaus\woodstox\stax2-api\4.2\stax2-api-4.2.jar;C:\Users\Vaishnavi\.m2\repository\jakarta\xml\bind\jakarta.xml.bind-api\2.3.2\jakarta.xml.bind-api-2.3.2.jar;C:\Users\Vaishnavi\.m2\repository\jakarta\activation\jakarta.activation-api\1.2.1\jakarta.activation-api-1.2.1.jar;C:\Users\Vaishnavi\.m2\repository\org\apache\xmlgraphics\batik-all\1.13\batik-all-1.13.jar;C:\Users\Vaishnavi\.m2\repository\org\apache\xmlgraphics\batik-anim\1.13\batik-anim-1.13.jar;C:\Users\Vaishnavi\.m2\repository\org\apache\xmlgraphics\batik-shared-resources\1.13\batik-shared-resources-1.13.jar;C:\Users\Vaishnavi\.m2\repository\xml-apis\xml-apis-ext\1.3.04\xml-apis-ext-1.3.04.jar;C:\Users\Vaishnavi\.m2\repository\org\apache\xmlgraphics\batik-awt-util\1.13\batik-awt-util-1.13.jar;C:\Users\Vaishnavi\.m2\repository\org\apache\xmlgraphics\xmlgraphics-commons\2.4\xmlgraphics-commons-2.4.jar;C:\Users\Vaishnavi\.m2\repository\commons-io\commons-io\1.3.1\commons-io-1.3.1.jar;C:\Users\Vaishnavi\.m2\repository\org\apache\xmlgraphics\batik-bridge\1.13\batik-bridge-1.13.jar;C:\Users\Vaishnavi\.m2\repository\org\apache\xmlgraphics\batik-codec\1.13\batik-codec-1.13.jar;C:\Users\Vaishnavi\.m2\repository\org\apache\xmlgraphics\batik-constants\1.13\batik-constants-1.13.jar;C:\Users\Vaishnavi\.m2\repository\org\apache\xmlgraphics\batik-css\1.13\batik-css-1.13.jar;C:\Users\Vaishnavi\.m2\repository\org\apache\xmlgraphics\batik-dom\1.13\batik-dom-1.13.jar;C:\Users\Vaishnavi\.m2\repository\xalan\serializer\2.7.2\serializer-2.7.2.jar;C:\Users\Vaishnavi\.m2\repository\xml-apis\xml-apis\1.4.01\xml-apis-1.4.01.jar;C:\Users\Vaishnavi\.m2\repository\org\apache\xmlgraphics\batik-ext\1.13\batik-ext-1.13.jar;C:\Users\Vaishnavi\.m2\repository\org\apache\xmlgraphics\batik-extension\1.13\batik-extension-1.13.jar;C:\Users\Vaishnavi\.m2\repository\org\apache\xmlgraphics\batik-gui-util\1.13\batik-gui-util-1.13.jar;C:\Users\Vaishnavi\.m2\repository\org\apache\xmlgraphics\batik-gvt\1.13\batik-gvt-1.13.jar;C:\Users\Vaishnavi\.m2\repository\org\apache\xmlgraphics\batik-i18n\1.13\batik-i18n-1.13.jar;C:\Users\Vaishnavi\.m2\repository\org\apache\xmlgraphics\batik-parser\1.13\batik-parser-1.13.jar;C:\Users\Vaishnavi\.m2\repository\org\apache\xmlgraphics\batik-rasterizer-ext\1.13\batik-rasterizer-ext-1.13.jar;C:\Users\Vaishnavi\.m2\repository\org\apache\xmlgraphics\batik-rasterizer\1.13\batik-rasterizer-1.13.jar;C:\Users\Vaishnavi\.m2\repository\org\apache\xmlgraphics\batik-script\1.13\batik-script-1.13.jar;C:\Users\Vaishnavi\.m2\repository\org\apache\xmlgraphics\batik-slideshow\1.13\batik-slideshow-1.13.jar;C:\Users\Vaishnavi\.m2\repository\org\apache\xmlgraphics\batik-squiggle-ext\1.13\batik-squiggle-ext-1.13.jar;C:\Users\Vaishnavi\.m2\repository\org\apache\xmlgraphics\batik-squiggle\1.13\batik-squiggle-1.13.jar;C:\Users\Vaishnavi\.m2\repository\org\apache\xmlgraphics\batik-svg-dom\1.13\batik-svg-dom-1.13.jar;C:\Users\Vaishnavi\.m2\repository\org\apache\xmlgraphics\batik-svgbrowser\1.13\batik-svgbrowser-1.13.jar;C:\Users\Vaishnavi\.m2\repository\org\apache\xmlgraphics\batik-svggen\1.13\batik-svggen-1.13.jar;C:\Users\Vaishnavi\.m2\repository\org\apache\xmlgraphics\batik-svgpp\1.13\batik-svgpp-1.13.jar;C:\Users\Vaishnavi\.m2\repository\org\apache\xmlgraphics\batik-svgrasterizer\1.13\batik-svgrasterizer-1.13.jar;C:\Users\Vaishnavi\.m2\repository\org\apache\xmlgraphics\batik-swing\1.13\batik-swing-1.13.jar;C:\Users\Vaishnavi\.m2\repository\org\apache\xmlgraphics\batik-transcoder\1.13\batik-transcoder-1.13.jar;C:\Users\Vaishnavi\.m2\repository\org\apache\xmlgraphics\batik-util\1.13\batik-util-1.13.jar;C:\Users\Vaishnavi\.m2\repository\org\apache\xmlgraphics\batik-ttf2svg\1.13\batik-ttf2svg-1.13.jar;C:\Users\Vaishnavi\.m2\repository\org\apache\xmlgraphics\batik-xml\1.13\batik-xml-1.13.jar;C:\Users\Vaishnavi\.m2\repository\de\rototor\pdfbox\graphics2d\0.30\graphics2d-0.30.jar;C:\Users\Vaishnavi\.m2\repository\org\apache\pdfbox\pdfbox\2.0.22\pdfbox-2.0.22.jar;C:\Users\Vaishnavi\.m2\repository\org\apache\pdfbox\fontbox\2.0.22\fontbox-2.0.22.jar;C:\Users\Vaishnavi\.m2\repository\com\aventstack\extentreports\4.0.8\extentreports-4.0.8.jar;C:\Users\Vaishnavi\.m2\repository\org\freemarker\freemarker\2.3.23\freemarker-2.3.23.jar;C:\Users\Vaishnavi\.m2\repository\org\mongodb\mongodb-driver\3.3.0\mongodb-driver-3.3.0.jar;C:\Users\Vaishnavi\.m2\repository\org\mongodb\mongodb-driver-core\3.3.0\mongodb-driver-core-3.3.0.jar;C:\Users\Vaishnavi\.m2\repository\org\mongodb\bson\3.3.0\bson-3.3.0.jar;C:\Users\Vaishnavi\.m2\repository\org\apache\httpcomponents\httpclient\4.5.2\httpclient-4.5.2.jar;C:\Users\Vaishnavi\.m2\repository\org\apache\httpcomponents\httpcore\4.4.4\httpcore-4.4.4.jar;C:\Users\Vaishnavi\.m2\repository\commons-logging\commons-logging\1.2\commons-logging-1.2.jar;C:\Users\Vaishnavi\.m2\repository\org\apache\httpcomponents\httpmime\4.5.2\httpmime-4.5.2.jar;C:\Users\Vaishnavi\.m2\repository\com\google\code\gson\gson\2.8.5\gson-2.8.5.jar;C:\Users\Vaishnavi\.m2\repository\org\bytedeco\leptonica\1.83.0-1.5.9\leptonica-1.83.0-1.5.9.jar;C:\Users\Vaishnavi\.m2\repository\org\bytedeco\javacpp\1.5.9\javacpp-1.5.9.jar
Launcher Type: SUN_STANDARD

[Global flags]
     intx CICompilerCount                          = 3                                         {product} {ergonomic}
     uint ConcGCThreads                            = 1                                         {product} {ergonomic}
     uint G1ConcRefinementThreads                  = 4                                         {product} {ergonomic}
   size_t G1HeapRegionSize                         = 1048576                                   {product} {ergonomic}
    uintx GCDrainStackTargetSize                   = 64                                        {product} {ergonomic}
   size_t InitialHeapSize                          = 130023424                                 {product} {ergonomic}
   size_t MarkStackSize                            = 4194304                                   {product} {ergonomic}
   size_t MaxHeapSize                              = 2078277632                                {product} {ergonomic}
   size_t MaxNewSize                               = 1246756864                                {product} {ergonomic}
   size_t MinHeapDeltaBytes                        = 1048576                                   {product} {ergonomic}
   size_t MinHeapSize                              = 8388608                                   {product} {ergonomic}
    uintx NonNMethodCodeHeapSize                   = 5832780                                {pd product} {ergonomic}
    uintx NonProfiledCodeHeapSize                  = 122912730                              {pd product} {ergonomic}
    uintx ProfiledCodeHeapSize                     = 122912730                              {pd product} {ergonomic}
    uintx ReservedCodeCacheSize                    = 251658240                              {pd product} {ergonomic}
     bool SegmentedCodeCache                       = true                                      {product} {ergonomic}
     bool ShowCodeDetailsInExceptionMessages       = true                                   {manageable} {command line}
   size_t SoftMaxHeapSize                          = 2078277632                             {manageable} {ergonomic}
     bool UseCompressedOops                        = true                           {product lp64_product} {ergonomic}
     bool UseG1GC                                  = true                                      {product} {ergonomic}
     bool UseLargePagesIndividualAllocation        = false                                  {pd product} {ergonomic}

Logging:
Log output configuration:
 #0: stdout all=warning uptime,level,tags foldmultilines=false
 #1: stderr all=off uptime,level,tags foldmultilines=false

Environment Variables:
PATH=C:\Program Files\Common Files\Oracle\Java\javapath;C:\Program Files\NVIDIA GPU Computing Toolkit\CUDA\v12.1\bin;C:\Program Files\NVIDIA GPU Computing Toolkit\CUDA\v12.1\libnvvp;C:\Program Files\Microsoft\jdk-11.0.12.7-hotspot\bin;C:\Program Files\Python310\Scripts\;C:\Program Files\Python310\;C:\Windows\system32;C:\Windows;C:\Windows\System32\Wbem;C:\Windows\System32\WindowsPowerShell\v1.0\;C:\Windows\System32\OpenSSH\;C:\Program Files\dotnet\;C:\Program Files\Microsoft SQL Server\150\Tools\Binn\;C:\Program Files\Microsoft SQL Server\Client SDK\ODBC\170\Tools\Binn\;C:\Program Files\NVIDIA Corporation\Nsight Compute 2023.1.0\;C:\Program Files (x86)\NVIDIA Corporation\PhysX\Common;C:\Program Files\Java\jdk-21\bin;C:\Program Files\apache-maven-3.9.8\bin\bin;C:\Users\Vaishnavi\AppData\Local\Microsoft\WindowsApps;C:\Users\Vaishnavi\AppData\Local\Programs\Microsoft VS Code\bin;C:\Program Files\apache-maven-3.9.8\bin;
USERNAME=Vaishnavi
OS=Windows_NT
PROCESSOR_IDENTIFIER=Intel64 Family 6 Model 140 Stepping 1, GenuineIntel
TMP=C:\Users\VAISHN~1\AppData\Local\Temp
TEMP=C:\Users\VAISHN~1\AppData\Local\Temp




Periodic native trim disabled

---------------  S Y S T E M  ---------------

OS:
 Windows 10 , 64 bit Build 19041 (10.0.19041.2546)
OS uptime: 9 days 20:15 hours

CPU: total 4 (initial active 4) (2 cores per cpu, 2 threads per core) family 6 model 140 stepping 1 microcode 0xb8, cx8, cmov, fxsr, ht, mmx, 3dnowpref, sse, sse2, sse3, ssse3, sse4.1, sse4.2, popcnt, lzcnt, tsc, tscinvbit, avx, avx2, aes, erms, clmul, bmi1, bmi2, adx, avx512f, avx512dq, avx512cd, avx512bw, avx512vl, sha, fma, vzeroupper, avx512_vpopcntdq, avx512_vpclmulqdq, avx512_vaes, avx512_vnni, clflush, clflushopt, clwb, avx512_vbmi2, avx512_vbmi, rdtscp, rdpid, fsrm, gfni, avx512_bitalg, f16c, pku, cet_ibt, cet_ss, avx512_ifma
Processor Information for processor 0
  Max Mhz: 2995, Current Mhz: 2995, Mhz Limit: 2995
Processor Information for processor 1
  Max Mhz: 2995, Current Mhz: 2995, Mhz Limit: 2995
Processor Information for processor 2
  Max Mhz: 2995, Current Mhz: 2995, Mhz Limit: 2995
Processor Information for processor 3
  Max Mhz: 2995, Current Mhz: 1497, Mhz Limit: 2995

Memory: 4k page, system-wide physical 7926M (449M free)
TotalPageFile size 18926M (AvailPageFile size 3M)
current process WorkingSet (physical memory assigned to process): 114M, peak: 116M
current process commit charge ("private bytes"): 238M, peak: 240M

vm_info: Java HotSpot(TM) 64-Bit Server VM (21.0.3+7-LTS-152) for windows-amd64 JRE (21.0.3+7-LTS-152), built on 2024-03-11T17:42:26Z by "mach5one" with MS VC++ 17.6 (VS2022)

END.
